  [1m[35m (235.7ms)[0m  [1m[35mCREATE DATABASE "co4_development" ENCODING = 'unicode'[0m
  [1m[35m (100.3ms)[0m  [1m[35mCREATE DATABASE "co4_test" ENCODING = 'unicode'[0m
  [1m[35m (47.4ms)[0m  [1m[35mCREATE TABLE "schema_migrations" ("version" character varying NOT NULL PRIMARY KEY)[0m
  [1m[35m (57.4ms)[0m  [1m[35mCREATE TABLE "ar_internal_metadata" ("key" character varying NOT NULL PRIMARY KEY, "value" character varying, "created_at" timestamp(6) NOT NULL, "updated_at" timestamp(6) NOT NULL)[0m
  [1m[35m (0.7ms)[0m  [1m[34mSELECT pg_try_advisory_lock(4294550360159811360)[0m
  [1m[35m (28.1ms)[0m  [1m[34mSELECT "schema_migrations"."version" FROM "schema_migrations" ORDER BY "schema_migrations"."version" ASC[0m
Migrating to CreateUsers (20200406224316)
  [1m[35m (7.9ms)[0m  [1m[35mBEGIN[0m
  [1m[35m (14.4ms)[0m  [1m[35mCREATE TABLE "users" ("id" bigserial primary key, "username" character varying, "email" character varying, "password_digest" character varying, "created_at" timestamp(6) NOT NULL, "updated_at" timestamp(6) NOT NULL)[0m
  [1m[36mprimary::SchemaMigration Create (28.6ms)[0m  [1m[32mINSERT INTO "schema_migrations" ("version") VALUES ($1) RETURNING "version"[0m  [["version", "20200406224316"]]
  [1m[35m (1.8ms)[0m  [1m[35mCOMMIT[0m
  [1m[36mActiveRecord::InternalMetadata Load (0.8ms)[0m  [1m[34mSELECT "ar_internal_metadata".* FROM "ar_internal_metadata" WHERE "ar_internal_metadata"."key" = $1 LIMIT $2[0m  [["key", "environment"], ["LIMIT", 1]]
  [1m[35m (0.4ms)[0m  [1m[35mBEGIN[0m
  [1m[36mActiveRecord::InternalMetadata Create (1.5ms)[0m  [1m[32mINSERT INTO "ar_internal_metadata" ("key", "value", "created_at", "updated_at") VALUES ($1, $2, $3, $4) RETURNING "key"[0m  [["key", "environment"], ["value", "development"], ["created_at", "2020-04-06 22:46:25.944603"], ["updated_at", "2020-04-06 22:46:25.944603"]]
  [1m[35m (1.8ms)[0m  [1m[35mCOMMIT[0m
  [1m[35m (0.5ms)[0m  [1m[34mSELECT pg_advisory_unlock(4294550360159811360)[0m
  [1m[35m (6.6ms)[0m  [1m[34mSELECT "schema_migrations"."version" FROM "schema_migrations" ORDER BY "schema_migrations"."version" ASC[0m
Started POST "/users" for ::1 at 2020-04-06 22:01:21 -0400
  [1m[35m (1.0ms)[0m  [1m[34mSELECT "schema_migrations"."version" FROM "schema_migrations" ORDER BY "schema_migrations"."version" ASC[0m
Processing by UsersController#create as */*
Completed 400 Bad Request in 7ms (ActiveRecord: 0.0ms | Allocations: 1069)


  
ActionController::ParameterMissing (param is missing or the value is empty: user):
  
app/controllers/users_controller.rb:50:in `user_params'
app/controllers/users_controller.rb:18:in `create'
Started GET "/users" for ::1 at 2020-04-06 22:01:39 -0400
Processing by UsersController#index as */*
  [1m[36mUser Load (5.8ms)[0m  [1m[34mSELECT "users".* FROM "users"[0m
  ↳ app/controllers/users_controller.rb:8:in `index'
Completed 200 OK in 18ms (Views: 9.1ms | ActiveRecord: 7.7ms | Allocations: 1416)


Started POST "/users" for ::1 at 2020-04-06 22:04:40 -0400
Processing by UsersController#create as */*
Completed 400 Bad Request in 1ms (ActiveRecord: 0.0ms | Allocations: 120)


  
ActionController::ParameterMissing (param is missing or the value is empty: user):
  
app/controllers/users_controller.rb:50:in `user_params'
app/controllers/users_controller.rb:18:in `create'
Started POST "/auth/login" for ::1 at 2020-04-06 22:05:59 -0400
Processing by AuthenticationController#login as */*
Completed 400 Bad Request in 1ms (ActiveRecord: 0.0ms | Allocations: 150)


  
ActionController::ParameterMissing (param is missing or the value is empty: auth):
  
app/controllers/authentication_controller.rb:24:in `login_params'
app/controllers/authentication_controller.rb:6:in `login'
Started POST "/users" for ::1 at 2020-04-06 22:08:35 -0400
  [1m[35m (0.7ms)[0m  [1m[34mSELECT "schema_migrations"."version" FROM "schema_migrations" ORDER BY "schema_migrations"."version" ASC[0m
Processing by UsersController#create as */*
Completed 400 Bad Request in 6ms (ActiveRecord: 0.0ms | Allocations: 970)


  
ActionController::ParameterMissing (param is missing or the value is empty: user):
  
app/controllers/users_controller.rb:50:in `user_params'
app/controllers/users_controller.rb:18:in `create'
Started POST "/users" for ::1 at 2020-04-06 22:09:00 -0400
Processing by UsersController#create as */*
Completed 400 Bad Request in 0ms (ActiveRecord: 0.0ms | Allocations: 120)


  
ActionController::ParameterMissing (param is missing or the value is empty: user):
  
app/controllers/users_controller.rb:50:in `user_params'
app/controllers/users_controller.rb:18:in `create'
Started POST "/users" for ::1 at 2020-04-07 09:10:39 -0400
  [1m[35m (1.5ms)[0m  [1m[34mSELECT "schema_migrations"."version" FROM "schema_migrations" ORDER BY "schema_migrations"."version" ASC[0m
Processing by UsersController#create as */*
Completed 400 Bad Request in 17ms (ActiveRecord: 0.0ms | Allocations: 1044)


  
ActionController::ParameterMissing (param is missing or the value is empty: user):
  
app/controllers/users_controller.rb:50:in `user_params'
app/controllers/users_controller.rb:18:in `create'
Started POST "/users" for ::1 at 2020-04-07 10:55:54 -0400
  [1m[35m (8.3ms)[0m  [1m[34mSELECT "schema_migrations"."version" FROM "schema_migrations" ORDER BY "schema_migrations"."version" ASC[0m
Processing by UsersController#create as */*
Completed 400 Bad Request in 77ms (ActiveRecord: 0.0ms | Allocations: 977)


  
ActionController::ParameterMissing (param is missing or the value is empty: user):
  
app/controllers/users_controller.rb:50:in `user_params'
app/controllers/users_controller.rb:18:in `create'
Started POST "/users" for ::1 at 2020-04-07 11:04:37 -0400
  [1m[35m (2.3ms)[0m  [1m[34mSELECT "schema_migrations"."version" FROM "schema_migrations" ORDER BY "schema_migrations"."version" ASC[0m
Processing by UsersController#create as */*
Completed 400 Bad Request in 13ms (ActiveRecord: 0.0ms | Allocations: 977)


  
ActionController::ParameterMissing (param is missing or the value is empty: user):
  
app/controllers/users_controller.rb:51:in `user_params'
app/controllers/users_controller.rb:19:in `create'
Started POST "/users" for ::1 at 2020-04-07 11:05:06 -0400
Processing by UsersController#create as */*
Completed 400 Bad Request in 13ms (ActiveRecord: 0.0ms | Allocations: 935)


  
ActionController::ParameterMissing (param is missing or the value is empty: user):
  
app/controllers/users_controller.rb:51:in `user_params'
app/controllers/users_controller.rb:19:in `create'
Started POST "/users" for ::1 at 2020-04-07 11:20:00 -0400
  [1m[35m (1.0ms)[0m  [1m[34mSELECT "schema_migrations"."version" FROM "schema_migrations" ORDER BY "schema_migrations"."version" ASC[0m
Processing by UsersController#create as */*
Completed 400 Bad Request in 9ms (ActiveRecord: 0.0ms | Allocations: 977)


  
ActionController::ParameterMissing (param is missing or the value is empty: user):
  
app/controllers/users_controller.rb:51:in `user_params'
app/controllers/users_controller.rb:19:in `create'
Started POST "/users" for ::1 at 2020-04-07 11:51:07 -0400
  [1m[35m (1.2ms)[0m  [1m[34mSELECT "schema_migrations"."version" FROM "schema_migrations" ORDER BY "schema_migrations"."version" ASC[0m
Processing by UsersController#create as */*
  Parameters: {"user"=>{"username"=>"test", "email"=>"test@test.com", "password"=>"[FILTERED]"}}
  [1m[35m (0.4ms)[0m  [1m[35mBEGIN[0m
  ↳ app/controllers/users_controller.rb:21:in `create'
  [1m[36mUser Exists? (5.6ms)[0m  [1m[34mSELECT 1 AS one FROM "users" WHERE "users"."username" = $1 LIMIT $2[0m  [["username", "test"], ["LIMIT", 1]]
  ↳ app/controllers/users_controller.rb:21:in `create'
  [1m[36mUser Exists? (0.7ms)[0m  [1m[34mSELECT 1 AS one FROM "users" WHERE "users"."email" = $1 LIMIT $2[0m  [["email", "test@test.com"], ["LIMIT", 1]]
  ↳ app/controllers/users_controller.rb:21:in `create'
  [1m[36mUser Create (29.2ms)[0m  [1m[32mINSERT INTO "users" ("username", "email", "password_digest", "created_at", "updated_at") VALUES ($1, $2, $3, $4, $5) RETURNING "id"[0m  [["username", "test"], ["email", "test@test.com"], ["password_digest", "$2a$12$2lNiSNu64sJBNQnUTrPlj.y0wmNlZwrPMGvlVsN8fGZXu9scb9oFG"], ["created_at", "2020-04-07 15:51:07.666243"], ["updated_at", "2020-04-07 15:51:07.666243"]]
  ↳ app/controllers/users_controller.rb:21:in `create'
  [1m[35m (0.7ms)[0m  [1m[35mCOMMIT[0m
  ↳ app/controllers/users_controller.rb:21:in `create'
Completed 201 Created in 497ms (Views: 41.1ms | ActiveRecord: 58.7ms | Allocations: 9514)


  [1m[35m (3.2ms)[0m  [1m[34mSELECT pg_try_advisory_lock(4294550360159811360)[0m
  [1m[35m (1.0ms)[0m  [1m[34mSELECT "schema_migrations"."version" FROM "schema_migrations" ORDER BY "schema_migrations"."version" ASC[0m
Migrating to CreateItems (20200407170054)
  [1m[35m (0.2ms)[0m  [1m[35mBEGIN[0m
  [1m[35m (48.9ms)[0m  [1m[35mCREATE TABLE "items" ("id" bigserial primary key, "name" character varying, "description" text, "img_link" character varying, "quantity" integer, "user_id" bigint NOT NULL, "created_at" timestamp(6) NOT NULL, "updated_at" timestamp(6) NOT NULL, CONSTRAINT "fk_rails_d4b6334db2"
FOREIGN KEY ("user_id")
  REFERENCES "users" ("id")
)[0m
  [1m[35m (2.6ms)[0m  [1m[35mCREATE  INDEX  "index_items_on_user_id" ON "items"  ("user_id")[0m
  [1m[36mprimary::SchemaMigration Create (2.5ms)[0m  [1m[32mINSERT INTO "schema_migrations" ("version") VALUES ($1) RETURNING "version"[0m  [["version", "20200407170054"]]
  [1m[35m (11.5ms)[0m  [1m[35mCOMMIT[0m
  [1m[36mActiveRecord::InternalMetadata Load (1.1ms)[0m  [1m[34mSELECT "ar_internal_metadata".* FROM "ar_internal_metadata" WHERE "ar_internal_metadata"."key" = $1 LIMIT $2[0m  [["key", "environment"], ["LIMIT", 1]]
  [1m[35m (0.3ms)[0m  [1m[34mSELECT pg_advisory_unlock(4294550360159811360)[0m
  [1m[35m (0.7ms)[0m  [1m[34mSELECT "schema_migrations"."version" FROM "schema_migrations" ORDER BY "schema_migrations"."version" ASC[0m
  [1m[35m (1.3ms)[0m  [1m[34mSELECT "schema_migrations"."version" FROM "schema_migrations" ORDER BY "schema_migrations"."version" ASC[0m
  [1m[36mItem Load (1.8ms)[0m  [1m[34mSELECT "items".* FROM "items" LIMIT $1[0m  [["LIMIT", 11]]
  [1m[36mUser Load (0.6ms)[0m  [1m[34mSELECT "users".* FROM "users" LIMIT $1[0m  [["LIMIT", 11]]
Started GET "/users" for ::1 at 2020-04-07 14:35:26 -0400
  [1m[35m (1.5ms)[0m  [1m[34mSELECT "schema_migrations"."version" FROM "schema_migrations" ORDER BY "schema_migrations"."version" ASC[0m
Processing by UsersController#index as */*
  Parameters: {"user"=>{"username"=>"test", "email"=>"test@test.com", "password"=>"[FILTERED]"}}
Filter chain halted as :authorize_request rendered or redirected
Completed 401 Unauthorized in 4ms (Views: 2.6ms | ActiveRecord: 0.0ms | Allocations: 199)


Started GET "/users/1" for ::1 at 2020-04-07 14:35:41 -0400
Processing by UsersController#show as */*
  Parameters: {"user"=>{"username"=>"test", "email"=>"test@test.com", "password"=>"[FILTERED]"}, "id"=>"1"}
Filter chain halted as :authorize_request rendered or redirected
Completed 401 Unauthorized in 1ms (Views: 0.3ms | ActiveRecord: 0.0ms | Allocations: 132)


Started POST "/users" for ::1 at 2020-04-07 14:37:22 -0400
Processing by UsersController#create as */*
  Parameters: {"user"=>{"username"=>"admin", "email"=>"admin@admin.com", "password"=>"[FILTERED]"}}
  [1m[35m (0.3ms)[0m  [1m[35mBEGIN[0m
  ↳ app/controllers/users_controller.rb:21:in `create'
  [1m[36mUser Exists? (2.5ms)[0m  [1m[34mSELECT 1 AS one FROM "users" WHERE "users"."username" = $1 LIMIT $2[0m  [["username", "admin"], ["LIMIT", 1]]
  ↳ app/controllers/users_controller.rb:21:in `create'
  [1m[36mUser Exists? (0.4ms)[0m  [1m[34mSELECT 1 AS one FROM "users" WHERE "users"."email" = $1 LIMIT $2[0m  [["email", "admin@admin.com"], ["LIMIT", 1]]
  ↳ app/controllers/users_controller.rb:21:in `create'
  [1m[35m (0.4ms)[0m  [1m[31mROLLBACK[0m
  ↳ app/controllers/users_controller.rb:21:in `create'
Completed 422 Unprocessable Entity in 517ms (Views: 0.2ms | ActiveRecord: 22.9ms | Allocations: 12768)


Started POST "/users" for ::1 at 2020-04-07 14:37:34 -0400
Processing by UsersController#create as */*
  Parameters: {"user"=>{"username"=>"admin", "email"=>"admin@admin.com", "password"=>"[FILTERED]"}}
  [1m[35m (0.3ms)[0m  [1m[35mBEGIN[0m
  ↳ app/controllers/users_controller.rb:21:in `create'
  [1m[36mUser Exists? (0.4ms)[0m  [1m[34mSELECT 1 AS one FROM "users" WHERE "users"."username" = $1 LIMIT $2[0m  [["username", "admin"], ["LIMIT", 1]]
  ↳ app/controllers/users_controller.rb:21:in `create'
  [1m[36mUser Exists? (0.3ms)[0m  [1m[34mSELECT 1 AS one FROM "users" WHERE "users"."email" = $1 LIMIT $2[0m  [["email", "admin@admin.com"], ["LIMIT", 1]]
  ↳ app/controllers/users_controller.rb:21:in `create'
  [1m[36mUser Create (0.7ms)[0m  [1m[32mINSERT INTO "users" ("username", "email", "password_digest", "created_at", "updated_at") VALUES ($1, $2, $3, $4, $5) RETURNING "id"[0m  [["username", "admin"], ["email", "admin@admin.com"], ["password_digest", "$2a$12$zHMz/0DD/euhba72PRWedOKeoYjM.Bh/0/oG4yVVLEDB.gX2OyRfO"], ["created_at", "2020-04-07 18:37:34.666716"], ["updated_at", "2020-04-07 18:37:34.666716"]]
  ↳ app/controllers/users_controller.rb:21:in `create'
  [1m[35m (0.6ms)[0m  [1m[35mCOMMIT[0m
  ↳ app/controllers/users_controller.rb:21:in `create'
Completed 201 Created in 426ms (Views: 0.8ms | ActiveRecord: 2.4ms | Allocations: 4730)


  [1m[35m (0.3ms)[0m  [1m[34mSELECT pg_try_advisory_lock(4294550360159811360)[0m
  [1m[35m (0.8ms)[0m  [1m[34mSELECT "schema_migrations"."version" FROM "schema_migrations" ORDER BY "schema_migrations"."version" ASC[0m
Migrating to CreateCategories (20200407203616)
  [1m[35m (0.4ms)[0m  [1m[35mBEGIN[0m
  [1m[35m (11.2ms)[0m  [1m[35mCREATE TABLE "categories" ("id" bigserial primary key, "type" character varying, "created_at" timestamp(6) NOT NULL, "updated_at" timestamp(6) NOT NULL)[0m
  [1m[36mprimary::SchemaMigration Create (0.4ms)[0m  [1m[32mINSERT INTO "schema_migrations" ("version") VALUES ($1) RETURNING "version"[0m  [["version", "20200407203616"]]
  [1m[35m (1.9ms)[0m  [1m[35mCOMMIT[0m
Migrating to CreateJoinTableItemCategory (20200407203858)
  [1m[35m (5.6ms)[0m  [1m[35mBEGIN[0m
  [1m[35m (23.9ms)[0m  [1m[35mCREATE TABLE "categories_items" ("item_id" bigint NOT NULL, "category_id" bigint NOT NULL)[0m
  [1m[36mprimary::SchemaMigration Create (0.4ms)[0m  [1m[32mINSERT INTO "schema_migrations" ("version") VALUES ($1) RETURNING "version"[0m  [["version", "20200407203858"]]
  [1m[35m (5.5ms)[0m  [1m[35mCOMMIT[0m
  [1m[36mActiveRecord::InternalMetadata Load (0.6ms)[0m  [1m[34mSELECT "ar_internal_metadata".* FROM "ar_internal_metadata" WHERE "ar_internal_metadata"."key" = $1 LIMIT $2[0m  [["key", "environment"], ["LIMIT", 1]]
  [1m[35m (0.3ms)[0m  [1m[34mSELECT pg_advisory_unlock(4294550360159811360)[0m
  [1m[35m (0.7ms)[0m  [1m[34mSELECT "schema_migrations"."version" FROM "schema_migrations" ORDER BY "schema_migrations"."version" ASC[0m
  [1m[35m (1.2ms)[0m  [1m[34mSELECT "schema_migrations"."version" FROM "schema_migrations" ORDER BY "schema_migrations"."version" ASC[0m
  [1m[35m (0.8ms)[0m  [1m[34mSELECT "schema_migrations"."version" FROM "schema_migrations" ORDER BY "schema_migrations"."version" ASC[0m
  [1m[35m (0.6ms)[0m  [1m[34mSELECT "schema_migrations"."version" FROM "schema_migrations" ORDER BY "schema_migrations"."version" ASC[0m
  [1m[35m (0.3ms)[0m  [1m[34mSELECT "schema_migrations"."version" FROM "schema_migrations" ORDER BY "schema_migrations"."version" ASC[0m
  [1m[35m (0.2ms)[0m  [1m[34mSELECT "schema_migrations"."version" FROM "schema_migrations" ORDER BY "schema_migrations"."version" ASC[0m
  [1m[35m (0.2ms)[0m  [1m[34mSELECT pg_try_advisory_lock(4294550360159811360)[0m
  [1m[35m (0.2ms)[0m  [1m[34mSELECT "schema_migrations"."version" FROM "schema_migrations" ORDER BY "schema_migrations"."version" ASC[0m
Migrating to CreateJoinTableItemCategory (20200407203858)
  [1m[35m (0.2ms)[0m  [1m[35mBEGIN[0m
  [1m[35m (15.1ms)[0m  [1m[35mDROP TABLE "categories_items"[0m
  [1m[36mprimary::SchemaMigration Destroy (5.4ms)[0m  [1m[31mDELETE FROM "schema_migrations" WHERE "schema_migrations"."version" = $1[0m  [["version", "20200407203858"]]
  [1m[35m (4.7ms)[0m  [1m[35mCOMMIT[0m
  [1m[35m (1.9ms)[0m  [1m[34mSELECT pg_advisory_unlock(4294550360159811360)[0m
  [1m[35m (2.2ms)[0m  [1m[34mSELECT "schema_migrations"."version" FROM "schema_migrations" ORDER BY "schema_migrations"."version" ASC[0m
  [1m[35m (1.0ms)[0m  [1m[34mSELECT "schema_migrations"."version" FROM "schema_migrations" ORDER BY "schema_migrations"."version" ASC[0m
  [1m[35m (0.3ms)[0m  [1m[34mSELECT "schema_migrations"."version" FROM "schema_migrations" ORDER BY "schema_migrations"."version" ASC[0m
  [1m[35m (0.2ms)[0m  [1m[34mSELECT "schema_migrations"."version" FROM "schema_migrations" ORDER BY "schema_migrations"."version" ASC[0m
  [1m[35m (0.2ms)[0m  [1m[34mSELECT pg_try_advisory_lock(4294550360159811360)[0m
  [1m[35m (0.3ms)[0m  [1m[34mSELECT "schema_migrations"."version" FROM "schema_migrations" ORDER BY "schema_migrations"."version" ASC[0m
Migrating to CreateCategories (20200407203616)
  [1m[35m (0.2ms)[0m  [1m[35mBEGIN[0m
  [1m[35m (4.3ms)[0m  [1m[35mDROP TABLE "categories"[0m
  [1m[36mprimary::SchemaMigration Destroy (5.8ms)[0m  [1m[31mDELETE FROM "schema_migrations" WHERE "schema_migrations"."version" = $1[0m  [["version", "20200407203616"]]
  [1m[35m (2.7ms)[0m  [1m[35mCOMMIT[0m
  [1m[35m (0.4ms)[0m  [1m[34mSELECT pg_advisory_unlock(4294550360159811360)[0m
  [1m[35m (0.7ms)[0m  [1m[34mSELECT "schema_migrations"."version" FROM "schema_migrations" ORDER BY "schema_migrations"."version" ASC[0m
  [1m[35m (0.3ms)[0m  [1m[34mSELECT pg_try_advisory_lock(4294550360159811360)[0m
  [1m[35m (4.1ms)[0m  [1m[34mSELECT "schema_migrations"."version" FROM "schema_migrations" ORDER BY "schema_migrations"."version" ASC[0m
Migrating to CreateCategories (20200407203616)
  [1m[35m (0.3ms)[0m  [1m[35mBEGIN[0m
  [1m[35m (6.5ms)[0m  [1m[35mCREATE TABLE "categories" ("id" bigserial primary key, "name" character varying, "created_at" timestamp(6) NOT NULL, "updated_at" timestamp(6) NOT NULL)[0m
  [1m[36mprimary::SchemaMigration Create (0.5ms)[0m  [1m[32mINSERT INTO "schema_migrations" ("version") VALUES ($1) RETURNING "version"[0m  [["version", "20200407203616"]]
  [1m[35m (14.6ms)[0m  [1m[35mCOMMIT[0m
Migrating to CreateJoinTableItemCategory (20200407203858)
  [1m[35m (0.4ms)[0m  [1m[35mBEGIN[0m
  [1m[35m (0.8ms)[0m  [1m[35mCREATE TABLE "categories_items" ("item_id" bigint NOT NULL, "category_id" bigint NOT NULL)[0m
  [1m[36mprimary::SchemaMigration Create (3.6ms)[0m  [1m[32mINSERT INTO "schema_migrations" ("version") VALUES ($1) RETURNING "version"[0m  [["version", "20200407203858"]]
  [1m[35m (0.5ms)[0m  [1m[35mCOMMIT[0m
  [1m[36mActiveRecord::InternalMetadata Load (0.5ms)[0m  [1m[34mSELECT "ar_internal_metadata".* FROM "ar_internal_metadata" WHERE "ar_internal_metadata"."key" = $1 LIMIT $2[0m  [["key", "environment"], ["LIMIT", 1]]
  [1m[35m (0.3ms)[0m  [1m[34mSELECT pg_advisory_unlock(4294550360159811360)[0m
  [1m[35m (7.5ms)[0m  [1m[34mSELECT "schema_migrations"."version" FROM "schema_migrations" ORDER BY "schema_migrations"."version" ASC[0m
  [1m[35m (0.7ms)[0m  [1m[34mSELECT "schema_migrations"."version" FROM "schema_migrations" ORDER BY "schema_migrations"."version" ASC[0m
  [1m[35m (0.2ms)[0m  [1m[35mBEGIN[0m
  [1m[36mCategory Create (1.2ms)[0m  [1m[32mINSERT INTO "categories" ("name", "created_at", "updated_at") VALUES ($1, $2, $3) RETURNING "id"[0m  [["name", "basic/universal"], ["created_at", "2020-04-08 01:20:57.752357"], ["updated_at", "2020-04-08 01:20:57.752357"]]
  [1m[35m (6.1ms)[0m  [1m[35mCOMMIT[0m
  [1m[35m (0.2ms)[0m  [1m[35mBEGIN[0m
  [1m[36mCategory Create (0.3ms)[0m  [1m[32mINSERT INTO "categories" ("name", "created_at", "updated_at") VALUES ($1, $2, $3) RETURNING "id"[0m  [["name", "advanced/special-use"], ["created_at", "2020-04-08 01:20:57.765995"], ["updated_at", "2020-04-08 01:20:57.765995"]]
  [1m[35m (0.5ms)[0m  [1m[35mCOMMIT[0m
  [1m[35m (0.2ms)[0m  [1m[35mBEGIN[0m
  [1m[36mCategory Create (0.3ms)[0m  [1m[32mINSERT INTO "categories" ("name", "created_at", "updated_at") VALUES ($1, $2, $3) RETURNING "id"[0m  [["name", "household/kitchen"], ["created_at", "2020-04-08 01:20:57.770419"], ["updated_at", "2020-04-08 01:20:57.770419"]]
  [1m[35m (0.5ms)[0m  [1m[35mCOMMIT[0m
  [1m[35m (0.2ms)[0m  [1m[35mBEGIN[0m
  [1m[36mCategory Create (0.4ms)[0m  [1m[32mINSERT INTO "categories" ("name", "created_at", "updated_at") VALUES ($1, $2, $3) RETURNING "id"[0m  [["name", "outdoor/survival"], ["created_at", "2020-04-08 01:20:57.774793"], ["updated_at", "2020-04-08 01:20:57.774793"]]
  [1m[35m (0.5ms)[0m  [1m[35mCOMMIT[0m
  [1m[35m (0.2ms)[0m  [1m[35mBEGIN[0m
  [1m[36mCategory Create (1.0ms)[0m  [1m[32mINSERT INTO "categories" ("name", "created_at", "updated_at") VALUES ($1, $2, $3) RETURNING "id"[0m  [["name", "medical/first aid"], ["created_at", "2020-04-08 01:20:57.781252"], ["updated_at", "2020-04-08 01:20:57.781252"]]
  [1m[35m (0.6ms)[0m  [1m[35mCOMMIT[0m
  [1m[35m (0.2ms)[0m  [1m[35mBEGIN[0m
  [1m[36mCategory Create (0.4ms)[0m  [1m[32mINSERT INTO "categories" ("name", "created_at", "updated_at") VALUES ($1, $2, $3) RETURNING "id"[0m  [["name", "educational"], ["created_at", "2020-04-08 01:20:57.790495"], ["updated_at", "2020-04-08 01:20:57.790495"]]
  [1m[35m (0.5ms)[0m  [1m[35mCOMMIT[0m
  [1m[35m (0.2ms)[0m  [1m[35mBEGIN[0m
  [1m[36mCategory Create (5.3ms)[0m  [1m[32mINSERT INTO "categories" ("name", "created_at", "updated_at") VALUES ($1, $2, $3) RETURNING "id"[0m  [["name", "entertainment"], ["created_at", "2020-04-08 01:20:57.803664"], ["updated_at", "2020-04-08 01:20:57.803664"]]
  [1m[35m (0.6ms)[0m  [1m[35mCOMMIT[0m
  [1m[35m (0.2ms)[0m  [1m[35mBEGIN[0m
  [1m[36mCategory Create (0.3ms)[0m  [1m[32mINSERT INTO "categories" ("name", "created_at", "updated_at") VALUES ($1, $2, $3) RETURNING "id"[0m  [["name", "food/drink"], ["created_at", "2020-04-08 01:20:57.819851"], ["updated_at", "2020-04-08 01:20:57.819851"]]
  [1m[35m (0.5ms)[0m  [1m[35mCOMMIT[0m
  [1m[35m (0.3ms)[0m  [1m[35mBEGIN[0m
  [1m[36mCategory Create (0.5ms)[0m  [1m[32mINSERT INTO "categories" ("name", "created_at", "updated_at") VALUES ($1, $2, $3) RETURNING "id"[0m  [["name", "protective gear"], ["created_at", "2020-04-08 01:20:57.829967"], ["updated_at", "2020-04-08 01:20:57.829967"]]
  [1m[35m (0.6ms)[0m  [1m[35mCOMMIT[0m
  [1m[35m (0.2ms)[0m  [1m[35mBEGIN[0m
  [1m[36mCategory Create (0.4ms)[0m  [1m[32mINSERT INTO "categories" ("name", "created_at", "updated_at") VALUES ($1, $2, $3) RETURNING "id"[0m  [["name", "tools/hardware"], ["created_at", "2020-04-08 01:20:57.842084"], ["updated_at", "2020-04-08 01:20:57.842084"]]
  [1m[35m (0.6ms)[0m  [1m[35mCOMMIT[0m
  [1m[35m (0.3ms)[0m  [1m[35mBEGIN[0m
  [1m[36mCategory Create (3.4ms)[0m  [1m[32mINSERT INTO "categories" ("name", "created_at", "updated_at") VALUES ($1, $2, $3) RETURNING "id"[0m  [["name", "miscellaneous"], ["created_at", "2020-04-08 01:20:57.854891"], ["updated_at", "2020-04-08 01:20:57.854891"]]
  [1m[35m (0.6ms)[0m  [1m[35mCOMMIT[0m
  [1m[35m (1.0ms)[0m  [1m[34mSELECT COUNT(*) FROM "categories"[0m
Started POST "/categories" for ::1 at 2020-04-07 21:31:45 -0400
  [1m[35m (1.7ms)[0m  [1m[34mSELECT "schema_migrations"."version" FROM "schema_migrations" ORDER BY "schema_migrations"."version" ASC[0m
Processing by CategoriesController#create as */*
  Parameters: {"user"=>{"username"=>"admin", "email"=>"admin@admin.com", "password"=>"[FILTERED]"}, "category"=>{}}
Completed 400 Bad Request in 1ms (ActiveRecord: 4.1ms | Allocations: 210)


  
ActionController::ParameterMissing (param is missing or the value is empty: category):
  
app/controllers/categories_controller.rb:49:in `category_params'
app/controllers/categories_controller.rb:18:in `create'
Started GET "/categories" for ::1 at 2020-04-07 21:31:55 -0400
Processing by CategoriesController#index as */*
  Parameters: {"user"=>{"username"=>"admin", "email"=>"admin@admin.com", "password"=>"[FILTERED]"}, "category"=>{}}
  [1m[36mCategory Load (8.8ms)[0m  [1m[34mSELECT "categories".* FROM "categories"[0m
  ↳ app/controllers/categories_controller.rb:8:in `index'
Completed 200 OK in 75ms (Views: 29.6ms | ActiveRecord: 44.9ms | Allocations: 4358)


Started POST "/items" for ::1 at 2020-04-07 21:42:51 -0400
  [1m[35m (1.8ms)[0m  [1m[34mSELECT "schema_migrations"."version" FROM "schema_migrations" ORDER BY "schema_migrations"."version" ASC[0m
Processing by ItemsController#create as */*
  Parameters: {"item"=>{"name"=>"Toilet Paper", "description"=>"Basic American household staple.", "img_link"=>"https://images.pexels.com/photos/3962433/pexels-photo-3962433.jpeg?auto=compress&cs=tinysrgb&dpr=2&h=750&w=1260", "quantity"=>8, "user_id"=>1}}
[31mUnpermitted parameter: :user_id[0m
Completed 422 Unprocessable Entity in 242ms (Views: 0.5ms | ActiveRecord: 109.8ms | Allocations: 10587)


Started GET "/users" for ::1 at 2020-04-07 21:43:22 -0400
Processing by UsersController#index as */*
  Parameters: {"item"=>{"name"=>"Toilet Paper", "description"=>"Basic American household staple.", "img_link"=>"https://images.pexels.com/photos/3962433/pexels-photo-3962433.jpeg?auto=compress&cs=tinysrgb&dpr=2&h=750&w=1260", "quantity"=>8, "user_id"=>1}, "user"=>{}}
Filter chain halted as :authorize_request rendered or redirected
Completed 401 Unauthorized in 1ms (Views: 0.3ms | ActiveRecord: 4.2ms | Allocations: 158)


Started GET "/categories" for ::1 at 2020-04-07 21:43:47 -0400
Processing by CategoriesController#index as */*
  Parameters: {"item"=>{"name"=>"Toilet Paper", "description"=>"Basic American household staple.", "img_link"=>"https://images.pexels.com/photos/3962433/pexels-photo-3962433.jpeg?auto=compress&cs=tinysrgb&dpr=2&h=750&w=1260", "quantity"=>8, "user_id"=>1}, "category"=>{}}
  [1m[36mCategory Load (3.0ms)[0m  [1m[34mSELECT "categories".* FROM "categories"[0m
  ↳ app/controllers/categories_controller.rb:8:in `index'
Completed 200 OK in 79ms (Views: 20.9ms | ActiveRecord: 60.0ms | Allocations: 4122)


Started GET "/items" for ::1 at 2020-04-08 16:44:21 -0400
  [1m[35m (2.0ms)[0m  [1m[34mSELECT "schema_migrations"."version" FROM "schema_migrations" ORDER BY "schema_migrations"."version" ASC[0m
Processing by ItemsController#index as HTML
Completed 404 Not Found in 70ms (ActiveRecord: 52.2ms | Allocations: 2720)


  
ActiveRecord::RecordNotFound (Couldn't find User without an ID):
  
app/controllers/items_controller.rb:7:in `index'
Started GET "/items" for ::1 at 2020-04-08 16:46:29 -0400
  [1m[35m (0.7ms)[0m  [1m[34mSELECT "schema_migrations"."version" FROM "schema_migrations" ORDER BY "schema_migrations"."version" ASC[0m
Processing by ItemsController#index as HTML
Completed 404 Not Found in 37ms (ActiveRecord: 10.3ms | Allocations: 2720)


  
ActiveRecord::RecordNotFound (Couldn't find User without an ID):
  
app/controllers/items_controller.rb:7:in `index'
Started GET "/users/1" for ::1 at 2020-04-09 14:28:47 -0400
  [1m[35m (1.6ms)[0m  [1m[34mSELECT "schema_migrations"."version" FROM "schema_migrations" ORDER BY "schema_migrations"."version" ASC[0m
Processing by UsersController#show as */*
  Parameters: {"user"=>{"username"=>"test", "email"=>"test@test.com", "password"=>"[FILTERED]"}, "id"=>"1"}
Filter chain halted as :authorize_request rendered or redirected
Completed 401 Unauthorized in 9ms (Views: 7.8ms | ActiveRecord: 0.0ms | Allocations: 199)


Started GET "/users" for ::1 at 2020-04-09 14:28:56 -0400
Processing by UsersController#index as */*
  Parameters: {"user"=>{"username"=>"test", "email"=>"test@test.com", "password"=>"[FILTERED]"}}
Filter chain halted as :authorize_request rendered or redirected
Completed 401 Unauthorized in 1ms (Views: 0.2ms | ActiveRecord: 0.0ms | Allocations: 132)


Started POST "/users" for ::1 at 2020-04-09 14:29:34 -0400
Processing by UsersController#create as */*
  Parameters: {"user"=>{"username"=>"user", "email"=>"user@user.com", "password"=>"[FILTERED]"}}
  [1m[35m (0.2ms)[0m  [1m[35mBEGIN[0m
  ↳ app/controllers/users_controller.rb:21:in `create'
  [1m[36mUser Exists? (14.0ms)[0m  [1m[34mSELECT 1 AS one FROM "users" WHERE "users"."username" = $1 LIMIT $2[0m  [["username", "user"], ["LIMIT", 1]]
  ↳ app/controllers/users_controller.rb:21:in `create'
  [1m[36mUser Exists? (0.4ms)[0m  [1m[34mSELECT 1 AS one FROM "users" WHERE "users"."email" = $1 LIMIT $2[0m  [["email", "user@user.com"], ["LIMIT", 1]]
  ↳ app/controllers/users_controller.rb:21:in `create'
  [1m[36mUser Create (19.2ms)[0m  [1m[32mINSERT INTO "users" ("username", "email", "password_digest", "created_at", "updated_at") VALUES ($1, $2, $3, $4, $5) RETURNING "id"[0m  [["username", "user"], ["email", "user@user.com"], ["password_digest", "$2a$12$nw0iOOvR4X2Rb2wSwbFB/eS/YZpJl0.aUVUhWSRGF0tkWkm.0EJ1a"], ["created_at", "2020-04-09 18:29:35.158960"], ["updated_at", "2020-04-09 18:29:35.158960"]]
  ↳ app/controllers/users_controller.rb:21:in `create'
  [1m[35m (1.8ms)[0m  [1m[35mCOMMIT[0m
  ↳ app/controllers/users_controller.rb:21:in `create'
Completed 201 Created in 537ms (Views: 1.7ms | ActiveRecord: 84.9ms | Allocations: 10748)


Started GET "/auth/verify" for ::1 at 2020-04-09 14:32:24 -0400
Processing by AuthenticationController#verify as */*
  Parameters: {"user"=>{"username"=>"user", "email"=>"user@user.com", "password"=>"[FILTERED]"}, "authentication"=>{"user"=>{"username"=>"user", "email"=>"user@user.com", "password"=>"[FILTERED]"}}}
  [1m[36mUser Load (1.0ms)[0m  [1m[34mSELECT "users".* FROM "users" WHERE "users"."id" = $1 LIMIT $2[0m  [["id", 3], ["LIMIT", 1]]
  ↳ app/controllers/application_controller.rb:19:in `authorize_request'
Completed 200 OK in 16ms (Views: 0.4ms | ActiveRecord: 1.6ms | Allocations: 1049)


  [1m[35m (0.4ms)[0m  [1m[35mBEGIN[0m
  [1m[36mItem Create (10.8ms)[0m  [1m[32mINSERT INTO "items" ("name", "description", "img_link", "quantity", "created_at", "updated_at") VALUES ($1, $2, $3, $4, $5, $6) RETURNING "id"[0m  [["name", "Toilet Paper"], ["description", "Basic bathroom staple"], ["img_link", "https://images.pexels.com/photos/3962433/pexels-photo-3962433.jpeg?auto=compress&cs=tinysrgb&dpr=2&h=750&w=1260"], ["quantity", 8], ["created_at", "2020-04-09 18:41:07.515863"], ["updated_at", "2020-04-09 18:41:07.515863"]]
  [1m[35m (0.4ms)[0m  [1m[31mROLLBACK[0m
  [1m[35m (0.7ms)[0m  [1m[34mSELECT "schema_migrations"."version" FROM "schema_migrations" ORDER BY "schema_migrations"."version" ASC[0m
  [1m[35m (0.4ms)[0m  [1m[34mSELECT "schema_migrations"."version" FROM "schema_migrations" ORDER BY "schema_migrations"."version" ASC[0m
  [1m[35m (0.2ms)[0m  [1m[34mSELECT "schema_migrations"."version" FROM "schema_migrations" ORDER BY "schema_migrations"."version" ASC[0m
  [1m[35m (1.2ms)[0m  [1m[34mSELECT pg_try_advisory_lock(4294550360159811360)[0m
  [1m[35m (0.3ms)[0m  [1m[34mSELECT "schema_migrations"."version" FROM "schema_migrations" ORDER BY "schema_migrations"."version" ASC[0m
Migrating to CreateJoinTableItemCategory (20200407203858)
  [1m[35m (0.2ms)[0m  [1m[35mBEGIN[0m
  [1m[35m (10.5ms)[0m  [1m[35mDROP TABLE "categories_items"[0m
  [1m[36mprimary::SchemaMigration Destroy (4.6ms)[0m  [1m[31mDELETE FROM "schema_migrations" WHERE "schema_migrations"."version" = $1[0m  [["version", "20200407203858"]]
  [1m[35m (4.1ms)[0m  [1m[35mCOMMIT[0m
Migrating to CreateCategories (20200407203616)
  [1m[35m (0.2ms)[0m  [1m[35mBEGIN[0m
  [1m[35m (10.4ms)[0m  [1m[35mDROP TABLE "categories"[0m
  [1m[36mprimary::SchemaMigration Destroy (0.4ms)[0m  [1m[31mDELETE FROM "schema_migrations" WHERE "schema_migrations"."version" = $1[0m  [["version", "20200407203616"]]
  [1m[35m (3.8ms)[0m  [1m[35mCOMMIT[0m
Migrating to CreateItems (20200407170054)
  [1m[35m (0.4ms)[0m  [1m[35mBEGIN[0m
  [1m[35m (9.5ms)[0m  [1m[35mDROP TABLE "items"[0m
  [1m[36mprimary::SchemaMigration Destroy (0.6ms)[0m  [1m[31mDELETE FROM "schema_migrations" WHERE "schema_migrations"."version" = $1[0m  [["version", "20200407170054"]]
  [1m[35m (4.6ms)[0m  [1m[35mCOMMIT[0m
  [1m[35m (0.3ms)[0m  [1m[34mSELECT pg_advisory_unlock(4294550360159811360)[0m
  [1m[35m (0.7ms)[0m  [1m[34mSELECT "schema_migrations"."version" FROM "schema_migrations" ORDER BY "schema_migrations"."version" ASC[0m
  [1m[35m (0.2ms)[0m  [1m[34mSELECT pg_try_advisory_lock(4294550360159811360)[0m
  [1m[35m (0.7ms)[0m  [1m[34mSELECT "schema_migrations"."version" FROM "schema_migrations" ORDER BY "schema_migrations"."version" ASC[0m
Migrating to CreateItems (20200407170054)
  [1m[35m (0.3ms)[0m  [1m[35mBEGIN[0m
  [1m[35m (27.0ms)[0m  [1m[35mCREATE TABLE "items" ("id" bigserial primary key, "name" character varying, "description" text, "img_link" character varying, "quantity" integer, "user_id" bigint NOT NULL, "created_at" timestamp(6) NOT NULL, "updated_at" timestamp(6) NOT NULL, CONSTRAINT "fk_rails_d4b6334db2"
FOREIGN KEY ("user_id")
  REFERENCES "users" ("id")
)[0m
  [1m[35m (6.2ms)[0m  [1m[35mCREATE  INDEX  "index_items_on_user_id" ON "items"  ("user_id")[0m
  [1m[36mprimary::SchemaMigration Create (0.4ms)[0m  [1m[32mINSERT INTO "schema_migrations" ("version") VALUES ($1) RETURNING "version"[0m  [["version", "20200407170054"]]
  [1m[35m (1.5ms)[0m  [1m[35mCOMMIT[0m
Migrating to CreateCategories (20200407203616)
  [1m[35m (0.5ms)[0m  [1m[35mBEGIN[0m
  [1m[35m (4.2ms)[0m  [1m[35mCREATE TABLE "categories" ("id" bigserial primary key, "name" character varying, "created_at" timestamp(6) NOT NULL, "updated_at" timestamp(6) NOT NULL)[0m
  [1m[36mprimary::SchemaMigration Create (0.3ms)[0m  [1m[32mINSERT INTO "schema_migrations" ("version") VALUES ($1) RETURNING "version"[0m  [["version", "20200407203616"]]
  [1m[35m (0.5ms)[0m  [1m[35mCOMMIT[0m
Migrating to CreateJoinTableItemCategory (20200407203858)
  [1m[35m (0.4ms)[0m  [1m[35mBEGIN[0m
  [1m[35m (0.7ms)[0m  [1m[35mCREATE TABLE "categories_items" ("item_id" bigint NOT NULL, "category_id" bigint NOT NULL)[0m
  [1m[36mprimary::SchemaMigration Create (0.3ms)[0m  [1m[32mINSERT INTO "schema_migrations" ("version") VALUES ($1) RETURNING "version"[0m  [["version", "20200407203858"]]
  [1m[35m (0.4ms)[0m  [1m[35mCOMMIT[0m
  [1m[36mActiveRecord::InternalMetadata Load (0.8ms)[0m  [1m[34mSELECT "ar_internal_metadata".* FROM "ar_internal_metadata" WHERE "ar_internal_metadata"."key" = $1 LIMIT $2[0m  [["key", "environment"], ["LIMIT", 1]]
  [1m[35m (0.3ms)[0m  [1m[34mSELECT pg_advisory_unlock(4294550360159811360)[0m
  [1m[35m (0.7ms)[0m  [1m[34mSELECT "schema_migrations"."version" FROM "schema_migrations" ORDER BY "schema_migrations"."version" ASC[0m
  [1m[35m (0.8ms)[0m  [1m[34mSELECT "schema_migrations"."version" FROM "schema_migrations" ORDER BY "schema_migrations"."version" ASC[0m
  [1m[35m (0.3ms)[0m  [1m[34mSELECT "schema_migrations"."version" FROM "schema_migrations" ORDER BY "schema_migrations"."version" ASC[0m
  [1m[35m (0.2ms)[0m  [1m[34mSELECT "schema_migrations"."version" FROM "schema_migrations" ORDER BY "schema_migrations"."version" ASC[0m
  [1m[35m (0.2ms)[0m  [1m[34mSELECT pg_try_advisory_lock(4294550360159811360)[0m
  [1m[35m (0.3ms)[0m  [1m[34mSELECT "schema_migrations"."version" FROM "schema_migrations" ORDER BY "schema_migrations"."version" ASC[0m
Migrating to CreateJoinTableItemCategory (20200407203858)
  [1m[35m (0.3ms)[0m  [1m[35mBEGIN[0m
  [1m[35m (1.9ms)[0m  [1m[35mDROP TABLE "categories_items"[0m
  [1m[36mprimary::SchemaMigration Destroy (0.6ms)[0m  [1m[31mDELETE FROM "schema_migrations" WHERE "schema_migrations"."version" = $1[0m  [["version", "20200407203858"]]
  [1m[35m (3.8ms)[0m  [1m[35mCOMMIT[0m
  [1m[35m (0.3ms)[0m  [1m[34mSELECT pg_advisory_unlock(4294550360159811360)[0m
  [1m[35m (0.9ms)[0m  [1m[34mSELECT "schema_migrations"."version" FROM "schema_migrations" ORDER BY "schema_migrations"."version" ASC[0m
  [1m[35m (0.4ms)[0m  [1m[34mSELECT pg_try_advisory_lock(4294550360159811360)[0m
  [1m[35m (0.7ms)[0m  [1m[34mSELECT "schema_migrations"."version" FROM "schema_migrations" ORDER BY "schema_migrations"."version" ASC[0m
Migrating to CreateJoinTableItemCategory (20200407203858)
  [1m[35m (0.2ms)[0m  [1m[35mBEGIN[0m
  [1m[35m (1.5ms)[0m  [1m[35mCREATE TABLE "categories_items" ("item_id" bigint NOT NULL, "category_id" bigint NOT NULL)[0m
  [1m[36mprimary::SchemaMigration Create (0.4ms)[0m  [1m[32mINSERT INTO "schema_migrations" ("version") VALUES ($1) RETURNING "version"[0m  [["version", "20200407203858"]]
  [1m[35m (1.2ms)[0m  [1m[35mCOMMIT[0m
  [1m[36mActiveRecord::InternalMetadata Load (0.6ms)[0m  [1m[34mSELECT "ar_internal_metadata".* FROM "ar_internal_metadata" WHERE "ar_internal_metadata"."key" = $1 LIMIT $2[0m  [["key", "environment"], ["LIMIT", 1]]
  [1m[35m (0.3ms)[0m  [1m[34mSELECT pg_advisory_unlock(4294550360159811360)[0m
  [1m[35m (1.4ms)[0m  [1m[34mSELECT "schema_migrations"."version" FROM "schema_migrations" ORDER BY "schema_migrations"."version" ASC[0m
  [1m[35m (0.7ms)[0m  [1m[34mSELECT "schema_migrations"."version" FROM "schema_migrations" ORDER BY "schema_migrations"."version" ASC[0m
  [1m[35m (0.4ms)[0m  [1m[34mSELECT "schema_migrations"."version" FROM "schema_migrations" ORDER BY "schema_migrations"."version" ASC[0m
  [1m[35m (0.2ms)[0m  [1m[34mSELECT "schema_migrations"."version" FROM "schema_migrations" ORDER BY "schema_migrations"."version" ASC[0m
  [1m[35m (0.2ms)[0m  [1m[34mSELECT pg_try_advisory_lock(4294550360159811360)[0m
  [1m[35m (0.2ms)[0m  [1m[34mSELECT "schema_migrations"."version" FROM "schema_migrations" ORDER BY "schema_migrations"."version" ASC[0m
Migrating to CreateJoinTableItemCategory (20200407203858)
  [1m[35m (0.2ms)[0m  [1m[35mBEGIN[0m
  [1m[35m (0.9ms)[0m  [1m[35mDROP TABLE "categories_items"[0m
  [1m[36mprimary::SchemaMigration Destroy (0.5ms)[0m  [1m[31mDELETE FROM "schema_migrations" WHERE "schema_migrations"."version" = $1[0m  [["version", "20200407203858"]]
  [1m[35m (5.2ms)[0m  [1m[35mCOMMIT[0m
Migrating to CreateCategories (20200407203616)
  [1m[35m (0.2ms)[0m  [1m[35mBEGIN[0m
  [1m[35m (1.1ms)[0m  [1m[35mDROP TABLE "categories"[0m
  [1m[36mprimary::SchemaMigration Destroy (0.4ms)[0m  [1m[31mDELETE FROM "schema_migrations" WHERE "schema_migrations"."version" = $1[0m  [["version", "20200407203616"]]
  [1m[35m (1.2ms)[0m  [1m[35mCOMMIT[0m
Migrating to CreateItems (20200407170054)
  [1m[35m (0.3ms)[0m  [1m[35mBEGIN[0m
  [1m[35m (1.5ms)[0m  [1m[35mDROP TABLE "items"[0m
  [1m[36mprimary::SchemaMigration Destroy (0.3ms)[0m  [1m[31mDELETE FROM "schema_migrations" WHERE "schema_migrations"."version" = $1[0m  [["version", "20200407170054"]]
  [1m[35m (2.1ms)[0m  [1m[35mCOMMIT[0m
  [1m[35m (0.3ms)[0m  [1m[34mSELECT pg_advisory_unlock(4294550360159811360)[0m
  [1m[35m (0.7ms)[0m  [1m[34mSELECT "schema_migrations"."version" FROM "schema_migrations" ORDER BY "schema_migrations"."version" ASC[0m
  [1m[35m (0.3ms)[0m  [1m[34mSELECT pg_try_advisory_lock(4294550360159811360)[0m
  [1m[35m (0.7ms)[0m  [1m[34mSELECT "schema_migrations"."version" FROM "schema_migrations" ORDER BY "schema_migrations"."version" ASC[0m
Migrating to CreateItems (20200407170054)
  [1m[35m (0.2ms)[0m  [1m[35mBEGIN[0m
  [1m[35m (7.3ms)[0m  [1m[35mCREATE TABLE "items" ("id" bigserial primary key, "name" character varying, "description" text, "img_link" character varying, "quantity" integer, "created_at" timestamp(6) NOT NULL, "updated_at" timestamp(6) NOT NULL)[0m
  [1m[36mprimary::SchemaMigration Create (0.4ms)[0m  [1m[32mINSERT INTO "schema_migrations" ("version") VALUES ($1) RETURNING "version"[0m  [["version", "20200407170054"]]
  [1m[35m (1.2ms)[0m  [1m[35mCOMMIT[0m
Migrating to CreateCategories (20200407203616)
  [1m[35m (0.4ms)[0m  [1m[35mBEGIN[0m
  [1m[35m (4.3ms)[0m  [1m[35mCREATE TABLE "categories" ("id" bigserial primary key, "name" character varying, "created_at" timestamp(6) NOT NULL, "updated_at" timestamp(6) NOT NULL)[0m
  [1m[36mprimary::SchemaMigration Create (0.3ms)[0m  [1m[32mINSERT INTO "schema_migrations" ("version") VALUES ($1) RETURNING "version"[0m  [["version", "20200407203616"]]
  [1m[35m (0.5ms)[0m  [1m[35mCOMMIT[0m
Migrating to CreateJoinTableItemCategory (20200407203858)
  [1m[35m (0.6ms)[0m  [1m[35mBEGIN[0m
  [1m[35m (1.0ms)[0m  [1m[35mCREATE TABLE "categories_items" ("item_id" bigint NOT NULL, "category_id" bigint NOT NULL)[0m
  [1m[36mprimary::SchemaMigration Create (0.3ms)[0m  [1m[32mINSERT INTO "schema_migrations" ("version") VALUES ($1) RETURNING "version"[0m  [["version", "20200407203858"]]
  [1m[35m (1.0ms)[0m  [1m[35mCOMMIT[0m
  [1m[36mActiveRecord::InternalMetadata Load (0.4ms)[0m  [1m[34mSELECT "ar_internal_metadata".* FROM "ar_internal_metadata" WHERE "ar_internal_metadata"."key" = $1 LIMIT $2[0m  [["key", "environment"], ["LIMIT", 1]]
  [1m[35m (0.3ms)[0m  [1m[34mSELECT pg_advisory_unlock(4294550360159811360)[0m
  [1m[35m (1.3ms)[0m  [1m[34mSELECT "schema_migrations"."version" FROM "schema_migrations" ORDER BY "schema_migrations"."version" ASC[0m
  [1m[35m (0.3ms)[0m  [1m[35mBEGIN[0m
  [1m[36mItem Create (5.0ms)[0m  [1m[32mINSERT INTO "items" ("name", "description", "img_link", "quantity", "created_at", "updated_at") VALUES ($1, $2, $3, $4, $5, $6) RETURNING "id"[0m  [["name", "Toilet Paper"], ["description", "Basic bathroom staple"], ["img_link", "https://images.pexels.com/photos/3962433/pexels-photo-3962433.jpeg?auto=compress&cs=tinysrgb&dpr=2&h=750&w=1260"], ["quantity", 8], ["created_at", "2020-04-09 18:52:20.377193"], ["updated_at", "2020-04-09 18:52:20.377193"]]
  [1m[35m (0.6ms)[0m  [1m[35mCOMMIT[0m
  [1m[36mItem Load (0.5ms)[0m  [1m[34mSELECT "items".* FROM "items" ORDER BY "items"."id" ASC LIMIT $1[0m  [["LIMIT", 1]]
  [1m[36mCategory Load (4.3ms)[0m  [1m[34mSELECT "categories".* FROM "categories" INNER JOIN "categories_items" ON "categories"."id" = "categories_items"."category_id" WHERE "categories_items"."item_id" = $1 LIMIT $2[0m  [["item_id", 1], ["LIMIT", 11]]
  [1m[35m (2.0ms)[0m  [1m[34mSELECT "schema_migrations"."version" FROM "schema_migrations" ORDER BY "schema_migrations"."version" ASC[0m
  [1m[35m (0.2ms)[0m  [1m[35mBEGIN[0m
  [1m[36mCategory Create (2.1ms)[0m  [1m[32mINSERT INTO "categories" ("name", "created_at", "updated_at") VALUES ($1, $2, $3) RETURNING "id"[0m  [["name", "basic/universal"], ["created_at", "2020-04-09 18:59:59.716975"], ["updated_at", "2020-04-09 18:59:59.716975"]]
  [1m[35m (0.5ms)[0m  [1m[35mCOMMIT[0m
  [1m[35m (0.3ms)[0m  [1m[35mBEGIN[0m
  [1m[36mCategory Create (0.5ms)[0m  [1m[32mINSERT INTO "categories" ("name", "created_at", "updated_at") VALUES ($1, $2, $3) RETURNING "id"[0m  [["name", "advanced/special-use"], ["created_at", "2020-04-09 18:59:59.724532"], ["updated_at", "2020-04-09 18:59:59.724532"]]
  [1m[35m (3.0ms)[0m  [1m[35mCOMMIT[0m
  [1m[35m (0.2ms)[0m  [1m[35mBEGIN[0m
  [1m[36mCategory Create (0.3ms)[0m  [1m[32mINSERT INTO "categories" ("name", "created_at", "updated_at") VALUES ($1, $2, $3) RETURNING "id"[0m  [["name", "household/kitchen"], ["created_at", "2020-04-09 18:59:59.732579"], ["updated_at", "2020-04-09 18:59:59.732579"]]
  [1m[35m (0.7ms)[0m  [1m[35mCOMMIT[0m
  [1m[35m (0.2ms)[0m  [1m[35mBEGIN[0m
  [1m[36mCategory Create (0.5ms)[0m  [1m[32mINSERT INTO "categories" ("name", "created_at", "updated_at") VALUES ($1, $2, $3) RETURNING "id"[0m  [["name", "outdoor/survival"], ["created_at", "2020-04-09 18:59:59.742769"], ["updated_at", "2020-04-09 18:59:59.742769"]]
  [1m[35m (10.2ms)[0m  [1m[35mCOMMIT[0m
  [1m[35m (0.2ms)[0m  [1m[35mBEGIN[0m
  [1m[36mCategory Create (0.4ms)[0m  [1m[32mINSERT INTO "categories" ("name", "created_at", "updated_at") VALUES ($1, $2, $3) RETURNING "id"[0m  [["name", "medical/first aid"], ["created_at", "2020-04-09 18:59:59.765715"], ["updated_at", "2020-04-09 18:59:59.765715"]]
  [1m[35m (0.6ms)[0m  [1m[35mCOMMIT[0m
  [1m[35m (0.2ms)[0m  [1m[35mBEGIN[0m
  [1m[36mCategory Create (4.5ms)[0m  [1m[32mINSERT INTO "categories" ("name", "created_at", "updated_at") VALUES ($1, $2, $3) RETURNING "id"[0m  [["name", "educational"], ["created_at", "2020-04-09 18:59:59.776940"], ["updated_at", "2020-04-09 18:59:59.776940"]]
  [1m[35m (0.6ms)[0m  [1m[35mCOMMIT[0m
  [1m[35m (0.2ms)[0m  [1m[35mBEGIN[0m
  [1m[36mCategory Create (0.5ms)[0m  [1m[32mINSERT INTO "categories" ("name", "created_at", "updated_at") VALUES ($1, $2, $3) RETURNING "id"[0m  [["name", "entertainment"], ["created_at", "2020-04-09 18:59:59.793927"], ["updated_at", "2020-04-09 18:59:59.793927"]]
  [1m[35m (0.5ms)[0m  [1m[35mCOMMIT[0m
  [1m[35m (0.2ms)[0m  [1m[35mBEGIN[0m
  [1m[36mCategory Create (0.5ms)[0m  [1m[32mINSERT INTO "categories" ("name", "created_at", "updated_at") VALUES ($1, $2, $3) RETURNING "id"[0m  [["name", "food/drink"], ["created_at", "2020-04-09 18:59:59.809852"], ["updated_at", "2020-04-09 18:59:59.809852"]]
  [1m[35m (0.7ms)[0m  [1m[35mCOMMIT[0m
  [1m[35m (0.2ms)[0m  [1m[35mBEGIN[0m
  [1m[36mCategory Create (0.4ms)[0m  [1m[32mINSERT INTO "categories" ("name", "created_at", "updated_at") VALUES ($1, $2, $3) RETURNING "id"[0m  [["name", "protective gear"], ["created_at", "2020-04-09 18:59:59.821999"], ["updated_at", "2020-04-09 18:59:59.821999"]]
  [1m[35m (0.5ms)[0m  [1m[35mCOMMIT[0m
  [1m[35m (0.2ms)[0m  [1m[35mBEGIN[0m
  [1m[36mCategory Create (0.3ms)[0m  [1m[32mINSERT INTO "categories" ("name", "created_at", "updated_at") VALUES ($1, $2, $3) RETURNING "id"[0m  [["name", "tools/hardware"], ["created_at", "2020-04-09 18:59:59.838704"], ["updated_at", "2020-04-09 18:59:59.838704"]]
  [1m[35m (0.5ms)[0m  [1m[35mCOMMIT[0m
  [1m[35m (0.2ms)[0m  [1m[35mBEGIN[0m
  [1m[36mCategory Create (0.3ms)[0m  [1m[32mINSERT INTO "categories" ("name", "created_at", "updated_at") VALUES ($1, $2, $3) RETURNING "id"[0m  [["name", "miscellaneous"], ["created_at", "2020-04-09 18:59:59.843115"], ["updated_at", "2020-04-09 18:59:59.843115"]]
  [1m[35m (0.4ms)[0m  [1m[35mCOMMIT[0m
  [1m[35m (0.4ms)[0m  [1m[34mSELECT COUNT(*) FROM "categories"[0m
  [1m[36mCategory Load (0.5ms)[0m  [1m[34mSELECT "categories".* FROM "categories" WHERE "categories"."name" = $1 LIMIT $2[0m  [["name", "basic"], ["LIMIT", 11]]
  [1m[36mCategory Load (0.7ms)[0m  [1m[34mSELECT "categories".* FROM "categories" WHERE "categories"."name" = $1 LIMIT $2[0m  [["name", "home"], ["LIMIT", 11]]
  [1m[36mCategory Load (0.4ms)[0m  [1m[34mSELECT "categories".* FROM "categories" WHERE "categories"."name" = $1 LIMIT $2[0m  [["name", "basic"], ["LIMIT", 11]]
  [1m[36mItem Load (0.4ms)[0m  [1m[34mSELECT "items".* FROM "items" ORDER BY "items"."id" ASC LIMIT $1[0m  [["LIMIT", 1]]
  [1m[36mCategory Load (0.3ms)[0m  [1m[34mSELECT "categories".* FROM "categories" WHERE "categories"."name" = $1[0m  [["name", "basic"]]
  [1m[36mCategory Load (0.5ms)[0m  [1m[34mSELECT "categories".* FROM "categories" INNER JOIN "categories_items" ON "categories"."id" = "categories_items"."category_id" WHERE "categories_items"."item_id" = $1 LIMIT $2[0m  [["item_id", 1], ["LIMIT", 11]]
  [1m[36mCategory Load (3.2ms)[0m  [1m[34mSELECT "categories".* FROM "categories" WHERE "categories"."name" = $1[0m  [["name", "home"]]
  [1m[36mCategory Load (0.4ms)[0m  [1m[34mSELECT "categories".* FROM "categories" INNER JOIN "categories_items" ON "categories"."id" = "categories_items"."category_id" WHERE "categories_items"."item_id" = $1 LIMIT $2[0m  [["item_id", 1], ["LIMIT", 11]]
  [1m[36mUser Load (0.5ms)[0m  [1m[34mSELECT "users".* FROM "users" ORDER BY "users"."id" ASC LIMIT $1[0m  [["LIMIT", 1]]
  [1m[35m (1.4ms)[0m  [1m[34mSELECT "schema_migrations"."version" FROM "schema_migrations" ORDER BY "schema_migrations"."version" ASC[0m
  [1m[35m (0.4ms)[0m  [1m[34mSELECT "schema_migrations"."version" FROM "schema_migrations" ORDER BY "schema_migrations"."version" ASC[0m
  [1m[35m (0.4ms)[0m  [1m[34mSELECT "schema_migrations"."version" FROM "schema_migrations" ORDER BY "schema_migrations"."version" ASC[0m
  [1m[35m (0.2ms)[0m  [1m[34mSELECT pg_try_advisory_lock(4294550360159811360)[0m
  [1m[35m (0.3ms)[0m  [1m[34mSELECT "schema_migrations"."version" FROM "schema_migrations" ORDER BY "schema_migrations"."version" ASC[0m
Migrating to CreateJoinTableItemCategory (20200407203858)
  [1m[35m (0.2ms)[0m  [1m[35mBEGIN[0m
  [1m[35m (1.0ms)[0m  [1m[35mDROP TABLE "categories_items"[0m
  [1m[36mprimary::SchemaMigration Destroy (0.5ms)[0m  [1m[31mDELETE FROM "schema_migrations" WHERE "schema_migrations"."version" = $1[0m  [["version", "20200407203858"]]
  [1m[35m (2.7ms)[0m  [1m[35mCOMMIT[0m
Migrating to CreateCategories (20200407203616)
  [1m[35m (0.2ms)[0m  [1m[35mBEGIN[0m
  [1m[35m (4.5ms)[0m  [1m[35mDROP TABLE "categories"[0m
  [1m[36mprimary::SchemaMigration Destroy (0.4ms)[0m  [1m[31mDELETE FROM "schema_migrations" WHERE "schema_migrations"."version" = $1[0m  [["version", "20200407203616"]]
  [1m[35m (1.5ms)[0m  [1m[35mCOMMIT[0m
Migrating to CreateItems (20200407170054)
  [1m[35m (0.2ms)[0m  [1m[35mBEGIN[0m
  [1m[35m (0.9ms)[0m  [1m[35mDROP TABLE "items"[0m
  [1m[36mprimary::SchemaMigration Destroy (0.4ms)[0m  [1m[31mDELETE FROM "schema_migrations" WHERE "schema_migrations"."version" = $1[0m  [["version", "20200407170054"]]
  [1m[35m (2.4ms)[0m  [1m[35mCOMMIT[0m
  [1m[35m (0.3ms)[0m  [1m[34mSELECT pg_advisory_unlock(4294550360159811360)[0m
  [1m[35m (1.1ms)[0m  [1m[34mSELECT "schema_migrations"."version" FROM "schema_migrations" ORDER BY "schema_migrations"."version" ASC[0m
  [1m[35m (0.2ms)[0m  [1m[34mSELECT pg_try_advisory_lock(4294550360159811360)[0m
  [1m[35m (0.7ms)[0m  [1m[34mSELECT "schema_migrations"."version" FROM "schema_migrations" ORDER BY "schema_migrations"."version" ASC[0m
Migrating to CreateItems (20200407170054)
  [1m[35m (0.2ms)[0m  [1m[35mBEGIN[0m
  [1m[35m (7.6ms)[0m  [1m[35mCREATE TABLE "items" ("id" bigserial primary key, "name" character varying, "description" text, "img_link" character varying, "quantity" integer, "created_at" timestamp(6) NOT NULL, "updated_at" timestamp(6) NOT NULL)[0m
  [1m[36mprimary::SchemaMigration Create (0.5ms)[0m  [1m[32mINSERT INTO "schema_migrations" ("version") VALUES ($1) RETURNING "version"[0m  [["version", "20200407170054"]]
  [1m[35m (0.6ms)[0m  [1m[35mCOMMIT[0m
Migrating to CreateCategories (20200407203616)
  [1m[35m (0.3ms)[0m  [1m[35mBEGIN[0m
  [1m[35m (3.5ms)[0m  [1m[35mCREATE TABLE "categories" ("id" bigserial primary key, "name" character varying, "created_at" timestamp(6) NOT NULL, "updated_at" timestamp(6) NOT NULL)[0m
  [1m[36mprimary::SchemaMigration Create (0.3ms)[0m  [1m[32mINSERT INTO "schema_migrations" ("version") VALUES ($1) RETURNING "version"[0m  [["version", "20200407203616"]]
  [1m[35m (1.5ms)[0m  [1m[35mCOMMIT[0m
Migrating to CreateJoinTableItemCategory (20200407203858)
  [1m[35m (1.0ms)[0m  [1m[35mBEGIN[0m
  [1m[35m (0.8ms)[0m  [1m[35mCREATE TABLE "categories_items" ("item_id" bigint NOT NULL, "category_id" bigint NOT NULL)[0m
  [1m[36mprimary::SchemaMigration Create (0.3ms)[0m  [1m[32mINSERT INTO "schema_migrations" ("version") VALUES ($1) RETURNING "version"[0m  [["version", "20200407203858"]]
  [1m[35m (0.5ms)[0m  [1m[35mCOMMIT[0m
  [1m[36mActiveRecord::InternalMetadata Load (0.5ms)[0m  [1m[34mSELECT "ar_internal_metadata".* FROM "ar_internal_metadata" WHERE "ar_internal_metadata"."key" = $1 LIMIT $2[0m  [["key", "environment"], ["LIMIT", 1]]
  [1m[35m (0.3ms)[0m  [1m[34mSELECT pg_advisory_unlock(4294550360159811360)[0m
  [1m[35m (0.9ms)[0m  [1m[34mSELECT "schema_migrations"."version" FROM "schema_migrations" ORDER BY "schema_migrations"."version" ASC[0m
  [1m[35m (0.7ms)[0m  [1m[34mSELECT "schema_migrations"."version" FROM "schema_migrations" ORDER BY "schema_migrations"."version" ASC[0m
  [1m[35m (0.2ms)[0m  [1m[35mBEGIN[0m
  [1m[36mCategory Create (1.1ms)[0m  [1m[32mINSERT INTO "categories" ("name", "created_at", "updated_at") VALUES ($1, $2, $3) RETURNING "id"[0m  [["name", "basic/universal"], ["created_at", "2020-04-09 19:05:28.588277"], ["updated_at", "2020-04-09 19:05:28.588277"]]
  [1m[35m (0.6ms)[0m  [1m[35mCOMMIT[0m
  [1m[35m (0.2ms)[0m  [1m[35mBEGIN[0m
  [1m[36mCategory Create (0.4ms)[0m  [1m[32mINSERT INTO "categories" ("name", "created_at", "updated_at") VALUES ($1, $2, $3) RETURNING "id"[0m  [["name", "advanced/special-use"], ["created_at", "2020-04-09 19:05:28.594313"], ["updated_at", "2020-04-09 19:05:28.594313"]]
  [1m[35m (0.5ms)[0m  [1m[35mCOMMIT[0m
  [1m[35m (0.2ms)[0m  [1m[35mBEGIN[0m
  [1m[36mCategory Create (0.3ms)[0m  [1m[32mINSERT INTO "categories" ("name", "created_at", "updated_at") VALUES ($1, $2, $3) RETURNING "id"[0m  [["name", "household/kitchen"], ["created_at", "2020-04-09 19:05:28.598393"], ["updated_at", "2020-04-09 19:05:28.598393"]]
  [1m[35m (0.6ms)[0m  [1m[35mCOMMIT[0m
  [1m[35m (0.2ms)[0m  [1m[35mBEGIN[0m
  [1m[36mCategory Create (0.4ms)[0m  [1m[32mINSERT INTO "categories" ("name", "created_at", "updated_at") VALUES ($1, $2, $3) RETURNING "id"[0m  [["name", "outdoor/survival"], ["created_at", "2020-04-09 19:05:28.607314"], ["updated_at", "2020-04-09 19:05:28.607314"]]
  [1m[35m (0.5ms)[0m  [1m[35mCOMMIT[0m
  [1m[35m (0.2ms)[0m  [1m[35mBEGIN[0m
  [1m[36mCategory Create (0.4ms)[0m  [1m[32mINSERT INTO "categories" ("name", "created_at", "updated_at") VALUES ($1, $2, $3) RETURNING "id"[0m  [["name", "medical/first aid"], ["created_at", "2020-04-09 19:05:28.618465"], ["updated_at", "2020-04-09 19:05:28.618465"]]
  [1m[35m (0.6ms)[0m  [1m[35mCOMMIT[0m
  [1m[35m (0.2ms)[0m  [1m[35mBEGIN[0m
  [1m[36mCategory Create (0.4ms)[0m  [1m[32mINSERT INTO "categories" ("name", "created_at", "updated_at") VALUES ($1, $2, $3) RETURNING "id"[0m  [["name", "educational"], ["created_at", "2020-04-09 19:05:28.629845"], ["updated_at", "2020-04-09 19:05:28.629845"]]
  [1m[35m (0.6ms)[0m  [1m[35mCOMMIT[0m
  [1m[35m (0.2ms)[0m  [1m[35mBEGIN[0m
  [1m[36mCategory Create (0.4ms)[0m  [1m[32mINSERT INTO "categories" ("name", "created_at", "updated_at") VALUES ($1, $2, $3) RETURNING "id"[0m  [["name", "entertainment"], ["created_at", "2020-04-09 19:05:28.641505"], ["updated_at", "2020-04-09 19:05:28.641505"]]
  [1m[35m (1.0ms)[0m  [1m[35mCOMMIT[0m
  [1m[35m (0.2ms)[0m  [1m[35mBEGIN[0m
  [1m[36mCategory Create (0.4ms)[0m  [1m[32mINSERT INTO "categories" ("name", "created_at", "updated_at") VALUES ($1, $2, $3) RETURNING "id"[0m  [["name", "food/drink"], ["created_at", "2020-04-09 19:05:28.655341"], ["updated_at", "2020-04-09 19:05:28.655341"]]
  [1m[35m (0.5ms)[0m  [1m[35mCOMMIT[0m
  [1m[35m (0.2ms)[0m  [1m[35mBEGIN[0m
  [1m[36mCategory Create (0.4ms)[0m  [1m[32mINSERT INTO "categories" ("name", "created_at", "updated_at") VALUES ($1, $2, $3) RETURNING "id"[0m  [["name", "protective gear"], ["created_at", "2020-04-09 19:05:28.666773"], ["updated_at", "2020-04-09 19:05:28.666773"]]
  [1m[35m (0.5ms)[0m  [1m[35mCOMMIT[0m
  [1m[35m (0.2ms)[0m  [1m[35mBEGIN[0m
  [1m[36mCategory Create (0.3ms)[0m  [1m[32mINSERT INTO "categories" ("name", "created_at", "updated_at") VALUES ($1, $2, $3) RETURNING "id"[0m  [["name", "tools/hardware"], ["created_at", "2020-04-09 19:05:28.683348"], ["updated_at", "2020-04-09 19:05:28.683348"]]
  [1m[35m (0.5ms)[0m  [1m[35mCOMMIT[0m
  [1m[35m (0.2ms)[0m  [1m[35mBEGIN[0m
  [1m[36mCategory Create (0.3ms)[0m  [1m[32mINSERT INTO "categories" ("name", "created_at", "updated_at") VALUES ($1, $2, $3) RETURNING "id"[0m  [["name", "miscellaneous"], ["created_at", "2020-04-09 19:05:28.687734"], ["updated_at", "2020-04-09 19:05:28.687734"]]
  [1m[35m (0.5ms)[0m  [1m[35mCOMMIT[0m
  [1m[35m (0.5ms)[0m  [1m[34mSELECT COUNT(*) FROM "categories"[0m
  [1m[36mUser Load (0.5ms)[0m  [1m[34mSELECT "users".* FROM "users" ORDER BY "users"."id" ASC LIMIT $1[0m  [["LIMIT", 1]]
  [1m[36mUser Load (3.9ms)[0m  [1m[34mSELECT "users".* FROM "users" ORDER BY "users"."id" ASC LIMIT $1[0m  [["LIMIT", 1]]
  [1m[35m (2.5ms)[0m  [1m[34mSELECT "schema_migrations"."version" FROM "schema_migrations" ORDER BY "schema_migrations"."version" ASC[0m
  [1m[35m (0.4ms)[0m  [1m[34mSELECT "schema_migrations"."version" FROM "schema_migrations" ORDER BY "schema_migrations"."version" ASC[0m
  [1m[35m (0.3ms)[0m  [1m[34mSELECT "schema_migrations"."version" FROM "schema_migrations" ORDER BY "schema_migrations"."version" ASC[0m
  [1m[35m (0.2ms)[0m  [1m[34mSELECT pg_try_advisory_lock(4294550360159811360)[0m
  [1m[35m (0.2ms)[0m  [1m[34mSELECT "schema_migrations"."version" FROM "schema_migrations" ORDER BY "schema_migrations"."version" ASC[0m
Migrating to CreateJoinTableItemCategory (20200407203858)
  [1m[35m (0.2ms)[0m  [1m[35mBEGIN[0m
  [1m[35m (1.0ms)[0m  [1m[35mDROP TABLE "categories_items"[0m
  [1m[36mprimary::SchemaMigration Destroy (0.5ms)[0m  [1m[31mDELETE FROM "schema_migrations" WHERE "schema_migrations"."version" = $1[0m  [["version", "20200407203858"]]
  [1m[35m (1.9ms)[0m  [1m[35mCOMMIT[0m
Migrating to CreateCategories (20200407203616)
  [1m[35m (0.2ms)[0m  [1m[35mBEGIN[0m
  [1m[35m (1.0ms)[0m  [1m[35mDROP TABLE "categories"[0m
  [1m[36mprimary::SchemaMigration Destroy (0.3ms)[0m  [1m[31mDELETE FROM "schema_migrations" WHERE "schema_migrations"."version" = $1[0m  [["version", "20200407203616"]]
  [1m[35m (1.9ms)[0m  [1m[35mCOMMIT[0m
Migrating to CreateItems (20200407170054)
  [1m[35m (0.3ms)[0m  [1m[35mBEGIN[0m
  [1m[35m (0.9ms)[0m  [1m[35mDROP TABLE "items"[0m
  [1m[36mprimary::SchemaMigration Destroy (0.4ms)[0m  [1m[31mDELETE FROM "schema_migrations" WHERE "schema_migrations"."version" = $1[0m  [["version", "20200407170054"]]
  [1m[35m (2.6ms)[0m  [1m[35mCOMMIT[0m
  [1m[35m (0.3ms)[0m  [1m[34mSELECT pg_advisory_unlock(4294550360159811360)[0m
  [1m[35m (1.0ms)[0m  [1m[34mSELECT "schema_migrations"."version" FROM "schema_migrations" ORDER BY "schema_migrations"."version" ASC[0m
  [1m[35m (0.2ms)[0m  [1m[34mSELECT pg_try_advisory_lock(4294550360159811360)[0m
  [1m[35m (0.8ms)[0m  [1m[34mSELECT "schema_migrations"."version" FROM "schema_migrations" ORDER BY "schema_migrations"."version" ASC[0m
Migrating to CreateItems (20200407170054)
  [1m[35m (0.3ms)[0m  [1m[35mBEGIN[0m
  [1m[35m (5.7ms)[0m  [1m[35mCREATE TABLE "items" ("id" bigserial primary key, "name" character varying, "description" text, "img_link" character varying, "quantity" integer, "created_at" timestamp(6) NOT NULL, "updated_at" timestamp(6) NOT NULL)[0m
  [1m[36mprimary::SchemaMigration Create (0.5ms)[0m  [1m[32mINSERT INTO "schema_migrations" ("version") VALUES ($1) RETURNING "version"[0m  [["version", "20200407170054"]]
  [1m[35m (0.6ms)[0m  [1m[35mCOMMIT[0m
Migrating to CreateCategories (20200407203616)
  [1m[35m (0.3ms)[0m  [1m[35mBEGIN[0m
  [1m[35m (4.3ms)[0m  [1m[35mCREATE TABLE "categories" ("id" bigserial primary key, "name" character varying, "created_at" timestamp(6) NOT NULL, "updated_at" timestamp(6) NOT NULL)[0m
  [1m[36mprimary::SchemaMigration Create (0.3ms)[0m  [1m[32mINSERT INTO "schema_migrations" ("version") VALUES ($1) RETURNING "version"[0m  [["version", "20200407203616"]]
  [1m[35m (1.4ms)[0m  [1m[35mCOMMIT[0m
Migrating to CreateJoinTableItemCategory (20200407203858)
  [1m[35m (0.4ms)[0m  [1m[35mBEGIN[0m
  [1m[35m (0.6ms)[0m  [1m[35mCREATE TABLE "categories_items" ("item_id" bigint NOT NULL, "category_id" bigint NOT NULL)[0m
  [1m[36mprimary::SchemaMigration Create (0.3ms)[0m  [1m[32mINSERT INTO "schema_migrations" ("version") VALUES ($1) RETURNING "version"[0m  [["version", "20200407203858"]]
  [1m[35m (0.7ms)[0m  [1m[35mCOMMIT[0m
  [1m[36mActiveRecord::InternalMetadata Load (0.4ms)[0m  [1m[34mSELECT "ar_internal_metadata".* FROM "ar_internal_metadata" WHERE "ar_internal_metadata"."key" = $1 LIMIT $2[0m  [["key", "environment"], ["LIMIT", 1]]
  [1m[35m (0.4ms)[0m  [1m[34mSELECT pg_advisory_unlock(4294550360159811360)[0m
  [1m[35m (0.8ms)[0m  [1m[34mSELECT "schema_migrations"."version" FROM "schema_migrations" ORDER BY "schema_migrations"."version" ASC[0m
  [1m[35m (0.7ms)[0m  [1m[34mSELECT "schema_migrations"."version" FROM "schema_migrations" ORDER BY "schema_migrations"."version" ASC[0m
  [1m[35m (0.2ms)[0m  [1m[35mBEGIN[0m
  [1m[36mCategory Create (1.1ms)[0m  [1m[32mINSERT INTO "categories" ("name", "created_at", "updated_at") VALUES ($1, $2, $3) RETURNING "id"[0m  [["name", "basic/universal"], ["created_at", "2020-04-09 19:09:14.780990"], ["updated_at", "2020-04-09 19:09:14.780990"]]
  [1m[35m (1.0ms)[0m  [1m[35mCOMMIT[0m
  [1m[35m (0.2ms)[0m  [1m[35mBEGIN[0m
  [1m[36mCategory Create (0.3ms)[0m  [1m[32mINSERT INTO "categories" ("name", "created_at", "updated_at") VALUES ($1, $2, $3) RETURNING "id"[0m  [["name", "advanced/special-use"], ["created_at", "2020-04-09 19:09:14.787707"], ["updated_at", "2020-04-09 19:09:14.787707"]]
  [1m[35m (0.5ms)[0m  [1m[35mCOMMIT[0m
  [1m[35m (0.2ms)[0m  [1m[35mBEGIN[0m
  [1m[36mCategory Create (0.3ms)[0m  [1m[32mINSERT INTO "categories" ("name", "created_at", "updated_at") VALUES ($1, $2, $3) RETURNING "id"[0m  [["name", "household/kitchen"], ["created_at", "2020-04-09 19:09:14.791727"], ["updated_at", "2020-04-09 19:09:14.791727"]]
  [1m[35m (0.8ms)[0m  [1m[35mCOMMIT[0m
  [1m[35m (0.2ms)[0m  [1m[35mBEGIN[0m
  [1m[36mCategory Create (0.3ms)[0m  [1m[32mINSERT INTO "categories" ("name", "created_at", "updated_at") VALUES ($1, $2, $3) RETURNING "id"[0m  [["name", "outdoor/survival"], ["created_at", "2020-04-09 19:09:14.799012"], ["updated_at", "2020-04-09 19:09:14.799012"]]
  [1m[35m (0.5ms)[0m  [1m[35mCOMMIT[0m
  [1m[35m (0.2ms)[0m  [1m[35mBEGIN[0m
  [1m[36mCategory Create (0.4ms)[0m  [1m[32mINSERT INTO "categories" ("name", "created_at", "updated_at") VALUES ($1, $2, $3) RETURNING "id"[0m  [["name", "medical/first aid"], ["created_at", "2020-04-09 19:09:14.810383"], ["updated_at", "2020-04-09 19:09:14.810383"]]
  [1m[35m (1.4ms)[0m  [1m[35mCOMMIT[0m
  [1m[35m (0.2ms)[0m  [1m[35mBEGIN[0m
  [1m[36mCategory Create (0.3ms)[0m  [1m[32mINSERT INTO "categories" ("name", "created_at", "updated_at") VALUES ($1, $2, $3) RETURNING "id"[0m  [["name", "educational"], ["created_at", "2020-04-09 19:09:14.823747"], ["updated_at", "2020-04-09 19:09:14.823747"]]
  [1m[35m (0.4ms)[0m  [1m[35mCOMMIT[0m
  [1m[35m (0.2ms)[0m  [1m[35mBEGIN[0m
  [1m[36mCategory Create (0.4ms)[0m  [1m[32mINSERT INTO "categories" ("name", "created_at", "updated_at") VALUES ($1, $2, $3) RETURNING "id"[0m  [["name", "entertainment"], ["created_at", "2020-04-09 19:09:14.834542"], ["updated_at", "2020-04-09 19:09:14.834542"]]
  [1m[35m (0.6ms)[0m  [1m[35mCOMMIT[0m
  [1m[35m (0.2ms)[0m  [1m[35mBEGIN[0m
  [1m[36mCategory Create (0.4ms)[0m  [1m[32mINSERT INTO "categories" ("name", "created_at", "updated_at") VALUES ($1, $2, $3) RETURNING "id"[0m  [["name", "food/drink"], ["created_at", "2020-04-09 19:09:14.845247"], ["updated_at", "2020-04-09 19:09:14.845247"]]
  [1m[35m (1.0ms)[0m  [1m[35mCOMMIT[0m
  [1m[35m (0.2ms)[0m  [1m[35mBEGIN[0m
  [1m[36mCategory Create (0.4ms)[0m  [1m[32mINSERT INTO "categories" ("name", "created_at", "updated_at") VALUES ($1, $2, $3) RETURNING "id"[0m  [["name", "protective gear"], ["created_at", "2020-04-09 19:09:14.858941"], ["updated_at", "2020-04-09 19:09:14.858941"]]
  [1m[35m (0.5ms)[0m  [1m[35mCOMMIT[0m
  [1m[35m (0.2ms)[0m  [1m[35mBEGIN[0m
  [1m[36mCategory Create (0.3ms)[0m  [1m[32mINSERT INTO "categories" ("name", "created_at", "updated_at") VALUES ($1, $2, $3) RETURNING "id"[0m  [["name", "tools/hardware"], ["created_at", "2020-04-09 19:09:14.877179"], ["updated_at", "2020-04-09 19:09:14.877179"]]
  [1m[35m (0.5ms)[0m  [1m[35mCOMMIT[0m
  [1m[35m (0.2ms)[0m  [1m[35mBEGIN[0m
  [1m[36mCategory Create (0.3ms)[0m  [1m[32mINSERT INTO "categories" ("name", "created_at", "updated_at") VALUES ($1, $2, $3) RETURNING "id"[0m  [["name", "miscellaneous"], ["created_at", "2020-04-09 19:09:14.881499"], ["updated_at", "2020-04-09 19:09:14.881499"]]
  [1m[35m (0.5ms)[0m  [1m[35mCOMMIT[0m
  [1m[35m (0.5ms)[0m  [1m[34mSELECT COUNT(*) FROM "categories"[0m
  [1m[35m (0.8ms)[0m  [1m[34mSELECT "schema_migrations"."version" FROM "schema_migrations" ORDER BY "schema_migrations"."version" ASC[0m
  [1m[35m (0.2ms)[0m  [1m[35mBEGIN[0m
  [1m[36mCategory Create (0.7ms)[0m  [1m[32mINSERT INTO "categories" ("name", "created_at", "updated_at") VALUES ($1, $2, $3) RETURNING "id"[0m  [["name", "basic/universal"], ["created_at", "2020-04-09 19:10:46.308935"], ["updated_at", "2020-04-09 19:10:46.308935"]]
  [1m[35m (0.6ms)[0m  [1m[35mCOMMIT[0m
  [1m[35m (0.1ms)[0m  [1m[35mBEGIN[0m
  [1m[36mCategory Create (0.3ms)[0m  [1m[32mINSERT INTO "categories" ("name", "created_at", "updated_at") VALUES ($1, $2, $3) RETURNING "id"[0m  [["name", "advanced/special-use"], ["created_at", "2020-04-09 19:10:46.314411"], ["updated_at", "2020-04-09 19:10:46.314411"]]
  [1m[35m (0.4ms)[0m  [1m[35mCOMMIT[0m
  [1m[35m (0.1ms)[0m  [1m[35mBEGIN[0m
  [1m[36mCategory Create (0.3ms)[0m  [1m[32mINSERT INTO "categories" ("name", "created_at", "updated_at") VALUES ($1, $2, $3) RETURNING "id"[0m  [["name", "household/kitchen"], ["created_at", "2020-04-09 19:10:46.318222"], ["updated_at", "2020-04-09 19:10:46.318222"]]
  [1m[35m (0.6ms)[0m  [1m[35mCOMMIT[0m
  [1m[35m (0.2ms)[0m  [1m[35mBEGIN[0m
  [1m[36mCategory Create (1.2ms)[0m  [1m[32mINSERT INTO "categories" ("name", "created_at", "updated_at") VALUES ($1, $2, $3) RETURNING "id"[0m  [["name", "outdoor/survival"], ["created_at", "2020-04-09 19:10:46.326924"], ["updated_at", "2020-04-09 19:10:46.326924"]]
  [1m[35m (22.2ms)[0m  [1m[35mCOMMIT[0m
  [1m[35m (0.2ms)[0m  [1m[35mBEGIN[0m
  [1m[36mCategory Create (0.4ms)[0m  [1m[32mINSERT INTO "categories" ("name", "created_at", "updated_at") VALUES ($1, $2, $3) RETURNING "id"[0m  [["name", "medical/first aid"], ["created_at", "2020-04-09 19:10:46.363251"], ["updated_at", "2020-04-09 19:10:46.363251"]]
  [1m[35m (0.5ms)[0m  [1m[35mCOMMIT[0m
  [1m[35m (0.7ms)[0m  [1m[35mBEGIN[0m
  [1m[36mCategory Create (0.6ms)[0m  [1m[32mINSERT INTO "categories" ("name", "created_at", "updated_at") VALUES ($1, $2, $3) RETURNING "id"[0m  [["name", "educational"], ["created_at", "2020-04-09 19:10:46.377057"], ["updated_at", "2020-04-09 19:10:46.377057"]]
  [1m[35m (0.5ms)[0m  [1m[35mCOMMIT[0m
  [1m[35m (0.2ms)[0m  [1m[35mBEGIN[0m
  [1m[36mCategory Create (0.4ms)[0m  [1m[32mINSERT INTO "categories" ("name", "created_at", "updated_at") VALUES ($1, $2, $3) RETURNING "id"[0m  [["name", "entertainment"], ["created_at", "2020-04-09 19:10:46.390638"], ["updated_at", "2020-04-09 19:10:46.390638"]]
  [1m[35m (1.8ms)[0m  [1m[35mCOMMIT[0m
  [1m[35m (1.3ms)[0m  [1m[35mBEGIN[0m
  [1m[36mCategory Create (0.3ms)[0m  [1m[32mINSERT INTO "categories" ("name", "created_at", "updated_at") VALUES ($1, $2, $3) RETURNING "id"[0m  [["name", "food/drink"], ["created_at", "2020-04-09 19:10:46.402591"], ["updated_at", "2020-04-09 19:10:46.402591"]]
  [1m[35m (1.3ms)[0m  [1m[35mCOMMIT[0m
  [1m[35m (0.2ms)[0m  [1m[35mBEGIN[0m
  [1m[36mCategory Create (0.4ms)[0m  [1m[32mINSERT INTO "categories" ("name", "created_at", "updated_at") VALUES ($1, $2, $3) RETURNING "id"[0m  [["name", "protective gear"], ["created_at", "2020-04-09 19:10:46.415695"], ["updated_at", "2020-04-09 19:10:46.415695"]]
  [1m[35m (0.5ms)[0m  [1m[35mCOMMIT[0m
  [1m[35m (0.2ms)[0m  [1m[35mBEGIN[0m
  [1m[36mCategory Create (0.3ms)[0m  [1m[32mINSERT INTO "categories" ("name", "created_at", "updated_at") VALUES ($1, $2, $3) RETURNING "id"[0m  [["name", "tools/hardware"], ["created_at", "2020-04-09 19:10:46.433107"], ["updated_at", "2020-04-09 19:10:46.433107"]]
  [1m[35m (0.5ms)[0m  [1m[35mCOMMIT[0m
  [1m[35m (0.2ms)[0m  [1m[35mBEGIN[0m
  [1m[36mCategory Create (0.3ms)[0m  [1m[32mINSERT INTO "categories" ("name", "created_at", "updated_at") VALUES ($1, $2, $3) RETURNING "id"[0m  [["name", "miscellaneous"], ["created_at", "2020-04-09 19:10:46.437448"], ["updated_at", "2020-04-09 19:10:46.437448"]]
  [1m[35m (0.5ms)[0m  [1m[35mCOMMIT[0m
  [1m[35m (0.6ms)[0m  [1m[34mSELECT COUNT(*) FROM "categories"[0m
  [1m[35m (0.2ms)[0m  [1m[35mBEGIN[0m
  [1m[36mItem Create (1.5ms)[0m  [1m[32mINSERT INTO "items" ("name", "description", "img_link", "quantity", "created_at", "updated_at") VALUES ($1, $2, $3, $4, $5, $6) RETURNING "id"[0m  [["name", "Toilet Paper"], ["description", "Basic bathroom staple"], ["img_link", "https://images.pexels.com/photos/3962433/pexels-photo-3962433.jpeg?auto=compress&cs=tinysrgb&dpr=2&h=750&w=1260"], ["quantity", 8], ["created_at", "2020-04-09 19:10:46.457271"], ["updated_at", "2020-04-09 19:10:46.457271"]]
  [1m[35m (0.5ms)[0m  [1m[35mCOMMIT[0m
  [1m[35m (0.4ms)[0m  [1m[34mSELECT COUNT(*) FROM "items"[0m
  [1m[36mCategory Load (0.4ms)[0m  [1m[34mSELECT "categories".* FROM "categories" WHERE "categories"."name" = $1 LIMIT $2[0m  [["name", "basic"], ["LIMIT", 11]]
  [1m[36mCategory Load (0.8ms)[0m  [1m[34mSELECT "categories".* FROM "categories" WHERE "categories"."name" = $1 LIMIT $2[0m  [["name", "home"], ["LIMIT", 11]]
  [1m[36mItem Load (0.4ms)[0m  [1m[34mSELECT "items".* FROM "items" ORDER BY "items"."id" ASC LIMIT $1[0m  [["LIMIT", 1]]
  [1m[36mCategory Load (0.3ms)[0m  [1m[34mSELECT "categories".* FROM "categories" WHERE "categories"."name" = $1[0m  [["name", "basic"]]
  [1m[36mCategory Load (0.5ms)[0m  [1m[34mSELECT "categories".* FROM "categories" INNER JOIN "categories_items" ON "categories"."id" = "categories_items"."category_id" WHERE "categories_items"."item_id" = $1 LIMIT $2[0m  [["item_id", 1], ["LIMIT", 11]]
  [1m[36mCategory Load (0.4ms)[0m  [1m[34mSELECT "categories".* FROM "categories" WHERE "categories"."name" = $1[0m  [["name", "home"]]
  [1m[36mCategory Load (0.4ms)[0m  [1m[34mSELECT "categories".* FROM "categories" INNER JOIN "categories_items" ON "categories"."id" = "categories_items"."category_id" WHERE "categories_items"."item_id" = $1 LIMIT $2[0m  [["item_id", 1], ["LIMIT", 11]]
  [1m[36mCategory Load (4.5ms)[0m  [1m[34mSELECT "categories".* FROM "categories" INNER JOIN "categories_items" ON "categories"."id" = "categories_items"."category_id" WHERE "categories_items"."item_id" = $1 LIMIT $2[0m  [["item_id", 1], ["LIMIT", 11]]
  [1m[36mCategory Load (0.9ms)[0m  [1m[34mSELECT "categories".* FROM "categories" INNER JOIN "categories_items" ON "categories"."id" = "categories_items"."category_id" WHERE "categories_items"."item_id" = $1 LIMIT $2[0m  [["item_id", 1], ["LIMIT", 11]]
  [1m[35m (1.0ms)[0m  [1m[34mSELECT "schema_migrations"."version" FROM "schema_migrations" ORDER BY "schema_migrations"."version" ASC[0m
  [1m[35m (0.4ms)[0m  [1m[34mSELECT "schema_migrations"."version" FROM "schema_migrations" ORDER BY "schema_migrations"."version" ASC[0m
  [1m[35m (0.2ms)[0m  [1m[34mSELECT "schema_migrations"."version" FROM "schema_migrations" ORDER BY "schema_migrations"."version" ASC[0m
  [1m[35m (0.3ms)[0m  [1m[34mSELECT pg_try_advisory_lock(4294550360159811360)[0m
  [1m[35m (0.4ms)[0m  [1m[34mSELECT "schema_migrations"."version" FROM "schema_migrations" ORDER BY "schema_migrations"."version" ASC[0m
Migrating to CreateJoinTableItemCategory (20200407203858)
  [1m[35m (0.2ms)[0m  [1m[35mBEGIN[0m
  [1m[35m (1.1ms)[0m  [1m[35mDROP TABLE "categories_items"[0m
  [1m[36mprimary::SchemaMigration Destroy (0.5ms)[0m  [1m[31mDELETE FROM "schema_migrations" WHERE "schema_migrations"."version" = $1[0m  [["version", "20200407203858"]]
  [1m[35m (5.5ms)[0m  [1m[35mCOMMIT[0m
Migrating to CreateCategories (20200407203616)
  [1m[35m (0.4ms)[0m  [1m[35mBEGIN[0m
  [1m[35m (1.1ms)[0m  [1m[35mDROP TABLE "categories"[0m
  [1m[36mprimary::SchemaMigration Destroy (0.3ms)[0m  [1m[31mDELETE FROM "schema_migrations" WHERE "schema_migrations"."version" = $1[0m  [["version", "20200407203616"]]
  [1m[35m (2.2ms)[0m  [1m[35mCOMMIT[0m
Migrating to CreateItems (20200407170054)
  [1m[35m (0.2ms)[0m  [1m[35mBEGIN[0m
  [1m[35m (1.0ms)[0m  [1m[35mDROP TABLE "items"[0m
  [1m[36mprimary::SchemaMigration Destroy (0.3ms)[0m  [1m[31mDELETE FROM "schema_migrations" WHERE "schema_migrations"."version" = $1[0m  [["version", "20200407170054"]]
  [1m[35m (1.5ms)[0m  [1m[35mCOMMIT[0m
  [1m[35m (0.3ms)[0m  [1m[34mSELECT pg_advisory_unlock(4294550360159811360)[0m
  [1m[35m (0.7ms)[0m  [1m[34mSELECT "schema_migrations"."version" FROM "schema_migrations" ORDER BY "schema_migrations"."version" ASC[0m
  [1m[35m (0.2ms)[0m  [1m[34mSELECT pg_try_advisory_lock(4294550360159811360)[0m
  [1m[35m (0.7ms)[0m  [1m[34mSELECT "schema_migrations"."version" FROM "schema_migrations" ORDER BY "schema_migrations"."version" ASC[0m
Migrating to CreateItems (20200407170054)
  [1m[35m (0.2ms)[0m  [1m[35mBEGIN[0m
  [1m[35m (7.1ms)[0m  [1m[35mCREATE TABLE "items" ("id" bigserial primary key, "name" character varying, "description" text, "img_link" character varying, "quantity" integer, "created_at" timestamp(6) NOT NULL, "updated_at" timestamp(6) NOT NULL)[0m
  [1m[36mprimary::SchemaMigration Create (0.4ms)[0m  [1m[32mINSERT INTO "schema_migrations" ("version") VALUES ($1) RETURNING "version"[0m  [["version", "20200407170054"]]
  [1m[35m (1.4ms)[0m  [1m[35mCOMMIT[0m
Migrating to CreateCategories (20200407203616)
  [1m[35m (0.3ms)[0m  [1m[35mBEGIN[0m
  [1m[35m (6.0ms)[0m  [1m[35mCREATE TABLE "categories" ("id" bigserial primary key, "name" character varying, "created_at" timestamp(6) NOT NULL, "updated_at" timestamp(6) NOT NULL)[0m
  [1m[36mprimary::SchemaMigration Create (0.3ms)[0m  [1m[32mINSERT INTO "schema_migrations" ("version") VALUES ($1) RETURNING "version"[0m  [["version", "20200407203616"]]
  [1m[35m (0.9ms)[0m  [1m[35mCOMMIT[0m
Migrating to CreateJoinTableItemCategory (20200407203858)
  [1m[35m (0.4ms)[0m  [1m[35mBEGIN[0m
  [1m[35m (1.5ms)[0m  [1m[35mCREATE TABLE "categories_items" ("item_id" bigint NOT NULL, "category_id" bigint NOT NULL)[0m
  [1m[36mprimary::SchemaMigration Create (0.4ms)[0m  [1m[32mINSERT INTO "schema_migrations" ("version") VALUES ($1) RETURNING "version"[0m  [["version", "20200407203858"]]
  [1m[35m (0.6ms)[0m  [1m[35mCOMMIT[0m
  [1m[36mActiveRecord::InternalMetadata Load (0.4ms)[0m  [1m[34mSELECT "ar_internal_metadata".* FROM "ar_internal_metadata" WHERE "ar_internal_metadata"."key" = $1 LIMIT $2[0m  [["key", "environment"], ["LIMIT", 1]]
  [1m[35m (0.3ms)[0m  [1m[34mSELECT pg_advisory_unlock(4294550360159811360)[0m
  [1m[35m (1.0ms)[0m  [1m[34mSELECT "schema_migrations"."version" FROM "schema_migrations" ORDER BY "schema_migrations"."version" ASC[0m
  [1m[35m (0.7ms)[0m  [1m[34mSELECT "schema_migrations"."version" FROM "schema_migrations" ORDER BY "schema_migrations"."version" ASC[0m
  [1m[35m (0.2ms)[0m  [1m[35mBEGIN[0m
  [1m[36mCategory Create (1.0ms)[0m  [1m[32mINSERT INTO "categories" ("name", "created_at", "updated_at") VALUES ($1, $2, $3) RETURNING "id"[0m  [["name", "basic/universal"], ["created_at", "2020-04-09 19:54:44.478847"], ["updated_at", "2020-04-09 19:54:44.478847"]]
  [1m[35m (0.5ms)[0m  [1m[35mCOMMIT[0m
  [1m[35m (0.2ms)[0m  [1m[35mBEGIN[0m
  [1m[36mCategory Create (0.3ms)[0m  [1m[32mINSERT INTO "categories" ("name", "created_at", "updated_at") VALUES ($1, $2, $3) RETURNING "id"[0m  [["name", "advanced/special-use"], ["created_at", "2020-04-09 19:54:44.484472"], ["updated_at", "2020-04-09 19:54:44.484472"]]
  [1m[35m (0.5ms)[0m  [1m[35mCOMMIT[0m
  [1m[35m (2.9ms)[0m  [1m[35mBEGIN[0m
  [1m[36mCategory Create (0.4ms)[0m  [1m[32mINSERT INTO "categories" ("name", "created_at", "updated_at") VALUES ($1, $2, $3) RETURNING "id"[0m  [["name", "household/kitchen"], ["created_at", "2020-04-09 19:54:44.489958"], ["updated_at", "2020-04-09 19:54:44.489958"]]
  [1m[35m (0.5ms)[0m  [1m[35mCOMMIT[0m
  [1m[35m (0.2ms)[0m  [1m[35mBEGIN[0m
  [1m[36mCategory Create (0.4ms)[0m  [1m[32mINSERT INTO "categories" ("name", "created_at", "updated_at") VALUES ($1, $2, $3) RETURNING "id"[0m  [["name", "outdoor/survival"], ["created_at", "2020-04-09 19:54:44.500689"], ["updated_at", "2020-04-09 19:54:44.500689"]]
  [1m[35m (0.6ms)[0m  [1m[35mCOMMIT[0m
  [1m[35m (0.2ms)[0m  [1m[35mBEGIN[0m
  [1m[36mCategory Create (0.3ms)[0m  [1m[32mINSERT INTO "categories" ("name", "created_at", "updated_at") VALUES ($1, $2, $3) RETURNING "id"[0m  [["name", "medical/first aid"], ["created_at", "2020-04-09 19:54:44.514763"], ["updated_at", "2020-04-09 19:54:44.514763"]]
  [1m[35m (0.5ms)[0m  [1m[35mCOMMIT[0m
  [1m[35m (0.2ms)[0m  [1m[35mBEGIN[0m
  [1m[36mCategory Create (0.4ms)[0m  [1m[32mINSERT INTO "categories" ("name", "created_at", "updated_at") VALUES ($1, $2, $3) RETURNING "id"[0m  [["name", "educational"], ["created_at", "2020-04-09 19:54:44.525541"], ["updated_at", "2020-04-09 19:54:44.525541"]]
  [1m[35m (1.6ms)[0m  [1m[35mCOMMIT[0m
  [1m[35m (0.2ms)[0m  [1m[35mBEGIN[0m
  [1m[36mCategory Create (0.3ms)[0m  [1m[32mINSERT INTO "categories" ("name", "created_at", "updated_at") VALUES ($1, $2, $3) RETURNING "id"[0m  [["name", "entertainment"], ["created_at", "2020-04-09 19:54:44.538221"], ["updated_at", "2020-04-09 19:54:44.538221"]]
  [1m[35m (0.6ms)[0m  [1m[35mCOMMIT[0m
  [1m[35m (0.2ms)[0m  [1m[35mBEGIN[0m
  [1m[36mCategory Create (1.4ms)[0m  [1m[32mINSERT INTO "categories" ("name", "created_at", "updated_at") VALUES ($1, $2, $3) RETURNING "id"[0m  [["name", "food/drink"], ["created_at", "2020-04-09 19:54:44.553513"], ["updated_at", "2020-04-09 19:54:44.553513"]]
  [1m[35m (0.4ms)[0m  [1m[35mCOMMIT[0m
  [1m[35m (0.2ms)[0m  [1m[35mBEGIN[0m
  [1m[36mCategory Create (0.8ms)[0m  [1m[32mINSERT INTO "categories" ("name", "created_at", "updated_at") VALUES ($1, $2, $3) RETURNING "id"[0m  [["name", "protective gear"], ["created_at", "2020-04-09 19:54:44.566191"], ["updated_at", "2020-04-09 19:54:44.566191"]]
  [1m[35m (0.5ms)[0m  [1m[35mCOMMIT[0m
  [1m[35m (0.2ms)[0m  [1m[35mBEGIN[0m
  [1m[36mCategory Create (0.4ms)[0m  [1m[32mINSERT INTO "categories" ("name", "created_at", "updated_at") VALUES ($1, $2, $3) RETURNING "id"[0m  [["name", "tools/hardware"], ["created_at", "2020-04-09 19:54:44.582493"], ["updated_at", "2020-04-09 19:54:44.582493"]]
  [1m[35m (0.5ms)[0m  [1m[35mCOMMIT[0m
  [1m[35m (0.2ms)[0m  [1m[35mBEGIN[0m
  [1m[36mCategory Create (0.3ms)[0m  [1m[32mINSERT INTO "categories" ("name", "created_at", "updated_at") VALUES ($1, $2, $3) RETURNING "id"[0m  [["name", "miscellaneous"], ["created_at", "2020-04-09 19:54:44.586940"], ["updated_at", "2020-04-09 19:54:44.586940"]]
  [1m[35m (0.5ms)[0m  [1m[35mCOMMIT[0m
  [1m[35m (0.5ms)[0m  [1m[34mSELECT COUNT(*) FROM "categories"[0m
  [1m[35m (0.2ms)[0m  [1m[35mBEGIN[0m
  [1m[36mItem Create (0.7ms)[0m  [1m[32mINSERT INTO "items" ("name", "description", "img_link", "quantity", "created_at", "updated_at") VALUES ($1, $2, $3, $4, $5, $6) RETURNING "id"[0m  [["name", "Toilet Paper"], ["description", "Basic bathroom staple"], ["img_link", "https://images.pexels.com/photos/3962433/pexels-photo-3962433.jpeg?auto=compress&cs=tinysrgb&dpr=2&h=750&w=1260"], ["quantity", 8], ["created_at", "2020-04-09 19:54:44.610179"], ["updated_at", "2020-04-09 19:54:44.610179"]]
  [1m[35m (0.4ms)[0m  [1m[35mCOMMIT[0m
  [1m[35m (0.3ms)[0m  [1m[34mSELECT COUNT(*) FROM "items"[0m
  [1m[36mCategory Load (0.6ms)[0m  [1m[34mSELECT "categories".* FROM "categories" WHERE "categories"."name" = $1 LIMIT $2[0m  [["name", "basic"], ["LIMIT", 11]]
  [1m[36mCategory Load (0.4ms)[0m  [1m[34mSELECT "categories".* FROM "categories" WHERE "categories"."name" = $1 LIMIT $2[0m  [["name", "home"], ["LIMIT", 11]]
  [1m[36mItem Load (0.5ms)[0m  [1m[34mSELECT "items".* FROM "items" ORDER BY "items"."id" ASC LIMIT $1[0m  [["LIMIT", 1]]
  [1m[36mCategory Load (0.3ms)[0m  [1m[34mSELECT "categories".* FROM "categories" WHERE "categories"."name" = $1[0m  [["name", "basic"]]
  [1m[36mCategory Load (0.5ms)[0m  [1m[34mSELECT "categories".* FROM "categories" INNER JOIN "categories_items" ON "categories"."id" = "categories_items"."category_id" WHERE "categories_items"."item_id" = $1 LIMIT $2[0m  [["item_id", 1], ["LIMIT", 11]]
  [1m[36mCategory Load (0.9ms)[0m  [1m[34mSELECT "categories".* FROM "categories" WHERE "categories"."name" = $1[0m  [["name", "home"]]
  [1m[36mCategory Load (0.4ms)[0m  [1m[34mSELECT "categories".* FROM "categories" INNER JOIN "categories_items" ON "categories"."id" = "categories_items"."category_id" WHERE "categories_items"."item_id" = $1 LIMIT $2[0m  [["item_id", 1], ["LIMIT", 11]]
  [1m[36mCategory Load (0.7ms)[0m  [1m[34mSELECT "categories".* FROM "categories" INNER JOIN "categories_items" ON "categories"."id" = "categories_items"."category_id" WHERE "categories_items"."item_id" = $1 LIMIT $2[0m  [["item_id", 1], ["LIMIT", 11]]
  [1m[35m (1.1ms)[0m  [1m[34mSELECT "schema_migrations"."version" FROM "schema_migrations" ORDER BY "schema_migrations"."version" ASC[0m
  [1m[35m (0.4ms)[0m  [1m[34mSELECT "schema_migrations"."version" FROM "schema_migrations" ORDER BY "schema_migrations"."version" ASC[0m
  [1m[35m (0.2ms)[0m  [1m[34mSELECT "schema_migrations"."version" FROM "schema_migrations" ORDER BY "schema_migrations"."version" ASC[0m
  [1m[35m (0.2ms)[0m  [1m[34mSELECT pg_try_advisory_lock(4294550360159811360)[0m
  [1m[35m (0.2ms)[0m  [1m[34mSELECT "schema_migrations"."version" FROM "schema_migrations" ORDER BY "schema_migrations"."version" ASC[0m
Migrating to CreateJoinTableItemCategory (20200407203858)
  [1m[35m (0.3ms)[0m  [1m[35mBEGIN[0m
  [1m[35m (2.3ms)[0m  [1m[35mDROP TABLE "categories_items"[0m
  [1m[36mprimary::SchemaMigration Destroy (0.6ms)[0m  [1m[31mDELETE FROM "schema_migrations" WHERE "schema_migrations"."version" = $1[0m  [["version", "20200407203858"]]
  [1m[35m (2.9ms)[0m  [1m[35mCOMMIT[0m
Migrating to CreateCategories (20200407203616)
  [1m[35m (0.3ms)[0m  [1m[35mBEGIN[0m
  [1m[35m (1.3ms)[0m  [1m[35mDROP TABLE "categories"[0m
  [1m[36mprimary::SchemaMigration Destroy (0.4ms)[0m  [1m[31mDELETE FROM "schema_migrations" WHERE "schema_migrations"."version" = $1[0m  [["version", "20200407203616"]]
  [1m[35m (1.5ms)[0m  [1m[35mCOMMIT[0m
Migrating to CreateItems (20200407170054)
  [1m[35m (0.4ms)[0m  [1m[35mBEGIN[0m
  [1m[35m (1.3ms)[0m  [1m[35mDROP TABLE "items"[0m
  [1m[36mprimary::SchemaMigration Destroy (0.5ms)[0m  [1m[31mDELETE FROM "schema_migrations" WHERE "schema_migrations"."version" = $1[0m  [["version", "20200407170054"]]
  [1m[35m (2.4ms)[0m  [1m[35mCOMMIT[0m
  [1m[35m (0.3ms)[0m  [1m[34mSELECT pg_advisory_unlock(4294550360159811360)[0m
  [1m[35m (0.7ms)[0m  [1m[34mSELECT "schema_migrations"."version" FROM "schema_migrations" ORDER BY "schema_migrations"."version" ASC[0m
  [1m[35m (0.2ms)[0m  [1m[34mSELECT pg_try_advisory_lock(4294550360159811360)[0m
  [1m[35m (0.7ms)[0m  [1m[34mSELECT "schema_migrations"."version" FROM "schema_migrations" ORDER BY "schema_migrations"."version" ASC[0m
Migrating to CreateItems (20200407170054)
  [1m[35m (0.3ms)[0m  [1m[35mBEGIN[0m
  [1m[35m (5.9ms)[0m  [1m[35mCREATE TABLE "items" ("id" bigserial primary key, "name" character varying, "description" text, "img_link" character varying, "quantity" integer, "created_at" timestamp(6) NOT NULL, "updated_at" timestamp(6) NOT NULL)[0m
  [1m[36mprimary::SchemaMigration Create (0.4ms)[0m  [1m[32mINSERT INTO "schema_migrations" ("version") VALUES ($1) RETURNING "version"[0m  [["version", "20200407170054"]]
  [1m[35m (2.4ms)[0m  [1m[35mCOMMIT[0m
Migrating to CreateCategories (20200407203616)
  [1m[35m (0.4ms)[0m  [1m[35mBEGIN[0m
  [1m[35m (3.5ms)[0m  [1m[35mCREATE TABLE "categories" ("id" bigserial primary key, "name" character varying, "created_at" timestamp(6) NOT NULL, "updated_at" timestamp(6) NOT NULL)[0m
  [1m[36mprimary::SchemaMigration Create (0.3ms)[0m  [1m[32mINSERT INTO "schema_migrations" ("version") VALUES ($1) RETURNING "version"[0m  [["version", "20200407203616"]]
  [1m[35m (0.5ms)[0m  [1m[35mCOMMIT[0m
Migrating to CreateJoinTableItemCategory (20200407203858)
  [1m[35m (0.4ms)[0m  [1m[35mBEGIN[0m
  [1m[35m (0.8ms)[0m  [1m[35mCREATE TABLE "categories_items" ("item_id" bigint NOT NULL, "category_id" bigint NOT NULL)[0m
  [1m[36mprimary::SchemaMigration Create (0.3ms)[0m  [1m[32mINSERT INTO "schema_migrations" ("version") VALUES ($1) RETURNING "version"[0m  [["version", "20200407203858"]]
  [1m[35m (4.6ms)[0m  [1m[35mCOMMIT[0m
  [1m[36mActiveRecord::InternalMetadata Load (0.4ms)[0m  [1m[34mSELECT "ar_internal_metadata".* FROM "ar_internal_metadata" WHERE "ar_internal_metadata"."key" = $1 LIMIT $2[0m  [["key", "environment"], ["LIMIT", 1]]
  [1m[35m (0.9ms)[0m  [1m[34mSELECT pg_advisory_unlock(4294550360159811360)[0m
  [1m[35m (0.8ms)[0m  [1m[34mSELECT "schema_migrations"."version" FROM "schema_migrations" ORDER BY "schema_migrations"."version" ASC[0m
  [1m[35m (1.3ms)[0m  [1m[34mSELECT "schema_migrations"."version" FROM "schema_migrations" ORDER BY "schema_migrations"."version" ASC[0m
  [1m[36mCategory Load (1.4ms)[0m  [1m[34mSELECT "categories".* FROM "categories"[0m
  [1m[36mItem Load (1.5ms)[0m  [1m[34mSELECT "items".* FROM "items"[0m
  [1m[35m (0.2ms)[0m  [1m[35mBEGIN[0m
  [1m[36mCategory Create (1.9ms)[0m  [1m[32mINSERT INTO "categories" ("name", "created_at", "updated_at") VALUES ($1, $2, $3) RETURNING "id"[0m  [["name", "basic/universal"], ["created_at", "2020-04-09 20:13:32.437964"], ["updated_at", "2020-04-09 20:13:32.437964"]]
  [1m[35m (1.4ms)[0m  [1m[35mCOMMIT[0m
  [1m[35m (0.2ms)[0m  [1m[35mBEGIN[0m
  [1m[36mCategory Create (0.6ms)[0m  [1m[32mINSERT INTO "categories" ("name", "created_at", "updated_at") VALUES ($1, $2, $3) RETURNING "id"[0m  [["name", "advanced/special-use"], ["created_at", "2020-04-09 20:13:32.445934"], ["updated_at", "2020-04-09 20:13:32.445934"]]
  [1m[35m (0.7ms)[0m  [1m[35mCOMMIT[0m
  [1m[35m (0.2ms)[0m  [1m[35mBEGIN[0m
  [1m[36mCategory Create (0.4ms)[0m  [1m[32mINSERT INTO "categories" ("name", "created_at", "updated_at") VALUES ($1, $2, $3) RETURNING "id"[0m  [["name", "household/kitchen"], ["created_at", "2020-04-09 20:13:32.457994"], ["updated_at", "2020-04-09 20:13:32.457994"]]
  [1m[35m (0.6ms)[0m  [1m[35mCOMMIT[0m
  [1m[35m (0.2ms)[0m  [1m[35mBEGIN[0m
  [1m[36mCategory Create (1.4ms)[0m  [1m[32mINSERT INTO "categories" ("name", "created_at", "updated_at") VALUES ($1, $2, $3) RETURNING "id"[0m  [["name", "outdoor/survival"], ["created_at", "2020-04-09 20:13:32.469270"], ["updated_at", "2020-04-09 20:13:32.469270"]]
  [1m[35m (0.6ms)[0m  [1m[35mCOMMIT[0m
  [1m[35m (0.2ms)[0m  [1m[35mBEGIN[0m
  [1m[36mCategory Create (0.4ms)[0m  [1m[32mINSERT INTO "categories" ("name", "created_at", "updated_at") VALUES ($1, $2, $3) RETURNING "id"[0m  [["name", "medical/first aid"], ["created_at", "2020-04-09 20:13:32.482435"], ["updated_at", "2020-04-09 20:13:32.482435"]]
  [1m[35m (0.6ms)[0m  [1m[35mCOMMIT[0m
  [1m[35m (0.3ms)[0m  [1m[35mBEGIN[0m
  [1m[36mCategory Create (0.4ms)[0m  [1m[32mINSERT INTO "categories" ("name", "created_at", "updated_at") VALUES ($1, $2, $3) RETURNING "id"[0m  [["name", "educational"], ["created_at", "2020-04-09 20:13:32.493550"], ["updated_at", "2020-04-09 20:13:32.493550"]]
  [1m[35m (0.5ms)[0m  [1m[35mCOMMIT[0m
  [1m[35m (0.2ms)[0m  [1m[35mBEGIN[0m
  [1m[36mCategory Create (0.3ms)[0m  [1m[32mINSERT INTO "categories" ("name", "created_at", "updated_at") VALUES ($1, $2, $3) RETURNING "id"[0m  [["name", "entertainment"], ["created_at", "2020-04-09 20:13:32.508068"], ["updated_at", "2020-04-09 20:13:32.508068"]]
  [1m[35m (0.5ms)[0m  [1m[35mCOMMIT[0m
  [1m[35m (0.2ms)[0m  [1m[35mBEGIN[0m
  [1m[36mCategory Create (0.3ms)[0m  [1m[32mINSERT INTO "categories" ("name", "created_at", "updated_at") VALUES ($1, $2, $3) RETURNING "id"[0m  [["name", "food/drink"], ["created_at", "2020-04-09 20:13:32.528569"], ["updated_at", "2020-04-09 20:13:32.528569"]]
  [1m[35m (0.5ms)[0m  [1m[35mCOMMIT[0m
  [1m[35m (0.2ms)[0m  [1m[35mBEGIN[0m
  [1m[36mCategory Create (0.3ms)[0m  [1m[32mINSERT INTO "categories" ("name", "created_at", "updated_at") VALUES ($1, $2, $3) RETURNING "id"[0m  [["name", "protective gear"], ["created_at", "2020-04-09 20:13:32.532995"], ["updated_at", "2020-04-09 20:13:32.532995"]]
  [1m[35m (0.6ms)[0m  [1m[35mCOMMIT[0m
  [1m[35m (0.2ms)[0m  [1m[35mBEGIN[0m
  [1m[36mCategory Create (0.3ms)[0m  [1m[32mINSERT INTO "categories" ("name", "created_at", "updated_at") VALUES ($1, $2, $3) RETURNING "id"[0m  [["name", "tools/hardware"], ["created_at", "2020-04-09 20:13:32.537251"], ["updated_at", "2020-04-09 20:13:32.537251"]]
  [1m[35m (0.3ms)[0m  [1m[35mCOMMIT[0m
  [1m[35m (0.1ms)[0m  [1m[35mBEGIN[0m
  [1m[36mCategory Create (0.3ms)[0m  [1m[32mINSERT INTO "categories" ("name", "created_at", "updated_at") VALUES ($1, $2, $3) RETURNING "id"[0m  [["name", "miscellaneous"], ["created_at", "2020-04-09 20:13:32.541331"], ["updated_at", "2020-04-09 20:13:32.541331"]]
  [1m[35m (0.4ms)[0m  [1m[35mCOMMIT[0m
  [1m[35m (0.4ms)[0m  [1m[34mSELECT COUNT(*) FROM "categories"[0m
  [1m[35m (0.3ms)[0m  [1m[35mBEGIN[0m
  [1m[36mItem Create (0.8ms)[0m  [1m[32mINSERT INTO "items" ("name", "description", "img_link", "quantity", "created_at", "updated_at") VALUES ($1, $2, $3, $4, $5, $6) RETURNING "id"[0m  [["name", "Toilet Paper"], ["description", "Basic bathroom staple"], ["img_link", "https://images.pexels.com/photos/3962433/pexels-photo-3962433.jpeg?auto=compress&cs=tinysrgb&dpr=2&h=750&w=1260"], ["quantity", 8], ["created_at", "2020-04-09 20:13:32.583540"], ["updated_at", "2020-04-09 20:13:32.583540"]]
  [1m[36mItem::HABTM_Categories Create (1.6ms)[0m  [1m[32mINSERT INTO "categories_items" ("item_id", "category_id") VALUES ($1, $2)[0m  [["item_id", 1], ["category_id", 1]]
  [1m[36mItem::HABTM_Categories Create (0.4ms)[0m  [1m[32mINSERT INTO "categories_items" ("item_id", "category_id") VALUES ($1, $2)[0m  [["item_id", 1], ["category_id", 3]]
  [1m[35m (0.6ms)[0m  [1m[35mCOMMIT[0m
  [1m[35m (0.4ms)[0m  [1m[35mBEGIN[0m
  [1m[36mItem Create (0.5ms)[0m  [1m[32mINSERT INTO "items" ("name", "description", "img_link", "quantity", "created_at", "updated_at") VALUES ($1, $2, $3, $4, $5, $6) RETURNING "id"[0m  [["name", "Matches"], ["description", "Essential firestarter, comes in packs of 12 sticks"], ["img_link", "https://images.pexels.com/photos/67540/matches-matchstick-flammable-wood-67540.jpeg?auto=compress&cs=tinysrgb&dpr=2&h=750&w=1260"], ["quantity", 8], ["created_at", "2020-04-09 20:13:32.600723"], ["updated_at", "2020-04-09 20:13:32.600723"]]
  [1m[36mItem::HABTM_Categories Create (10.7ms)[0m  [1m[32mINSERT INTO "categories_items" ("item_id", "category_id") VALUES ($1, $2)[0m  [["item_id", 2], ["category_id", 1]]
  [1m[36mItem::HABTM_Categories Create (0.6ms)[0m  [1m[32mINSERT INTO "categories_items" ("item_id", "category_id") VALUES ($1, $2)[0m  [["item_id", 2], ["category_id", 3]]
  [1m[36mItem::HABTM_Categories Create (0.3ms)[0m  [1m[32mINSERT INTO "categories_items" ("item_id", "category_id") VALUES ($1, $2)[0m  [["item_id", 2], ["category_id", 4]]
  [1m[35m (0.4ms)[0m  [1m[35mCOMMIT[0m
  [1m[35m (0.2ms)[0m  [1m[35mBEGIN[0m
  [1m[36mItem Create (0.3ms)[0m  [1m[32mINSERT INTO "items" ("name", "description", "img_link", "quantity", "created_at", "updated_at") VALUES ($1, $2, $3, $4, $5, $6) RETURNING "id"[0m  [["name", "Dispoable Mask"], ["description", "Priority for this item goes to medical workers"], ["img_link", "https://images.pexels.com/photos/3902881/pexels-photo-3902881.jpeg?auto=compress&cs=tinysrgb&dpr=2&h=750&w=1260"], ["quantity", 268], ["created_at", "2020-04-09 20:13:32.628586"], ["updated_at", "2020-04-09 20:13:32.628586"]]
  [1m[36mItem::HABTM_Categories Create (0.2ms)[0m  [1m[32mINSERT INTO "categories_items" ("item_id", "category_id") VALUES ($1, $2)[0m  [["item_id", 3], ["category_id", 5]]
  [1m[36mItem::HABTM_Categories Create (4.5ms)[0m  [1m[32mINSERT INTO "categories_items" ("item_id", "category_id") VALUES ($1, $2)[0m  [["item_id", 3], ["category_id", 9]]
  [1m[35m (1.6ms)[0m  [1m[35mCOMMIT[0m
  [1m[35m (0.7ms)[0m  [1m[35mBEGIN[0m
  [1m[36mItem Create (6.2ms)[0m  [1m[32mINSERT INTO "items" ("name", "description", "img_link", "quantity", "created_at", "updated_at") VALUES ($1, $2, $3, $4, $5, $6) RETURNING "id"[0m  [["name", "Lemon Water"], ["description", "All-natural, organic + vegan"], ["img_link", "https://images.pexels.com/photos/3651044/pexels-photo-3651044.jpeg?auto=compress&cs=tinysrgb&dpr=3&h=750&w=1260"], ["quantity", 2], ["created_at", "2020-04-09 20:13:32.647030"], ["updated_at", "2020-04-09 20:13:32.647030"]]
  [1m[36mItem::HABTM_Categories Create (1.2ms)[0m  [1m[32mINSERT INTO "categories_items" ("item_id", "category_id") VALUES ($1, $2)[0m  [["item_id", 4], ["category_id", 8]]
  [1m[35m (0.5ms)[0m  [1m[35mCOMMIT[0m
  [1m[35m (0.4ms)[0m  [1m[34mSELECT COUNT(*) FROM "items"[0m
  [1m[36mItem Load (0.6ms)[0m  [1m[34mSELECT "items".* FROM "items" ORDER BY "items"."id" DESC LIMIT $1[0m  [["LIMIT", 1]]
  [1m[36mCategory Load (1.8ms)[0m  [1m[34mSELECT "categories".* FROM "categories" WHERE "categories"."name" = $1 LIMIT $2[0m  [["name", "household/kitchen"], ["LIMIT", 11]]
  [1m[36mCategory Load (0.3ms)[0m  [1m[34mSELECT "categories".* FROM "categories" WHERE "categories"."name" = $1[0m  [["name", "household/kitchen"]]
  [1m[35m (0.2ms)[0m  [1m[35mBEGIN[0m
  [1m[36mItem::HABTM_Categories Create (0.6ms)[0m  [1m[32mINSERT INTO "categories_items" ("item_id", "category_id") VALUES ($1, $2)[0m  [["item_id", 4], ["category_id", 3]]
  [1m[35m (2.5ms)[0m  [1m[35mCOMMIT[0m
  [1m[36mCategory Load (0.4ms)[0m  [1m[34mSELECT "categories".* FROM "categories" INNER JOIN "categories_items" ON "categories"."id" = "categories_items"."category_id" WHERE "categories_items"."item_id" = $1 LIMIT $2[0m  [["item_id", 4], ["LIMIT", 11]]
  [1m[36mCategory Load (0.7ms)[0m  [1m[34mSELECT "categories".* FROM "categories" INNER JOIN "categories_items" ON "categories"."id" = "categories_items"."category_id" WHERE "categories_items"."item_id" = $1 LIMIT $2[0m  [["item_id", 4], ["LIMIT", 11]]
